[INFO  - 2019-04-03T05:49:54.165Z] GhostDriver - Main - running on port 35934
[INFO  - 2019-04-03T05:49:54.531Z] Session [4e37d3a0-55d4-11e9-b336-9d97bdcb5c1e] - page.settings - {"XSSAuditingEnabled":false,"javascriptCanCloseWindows":true,"javascriptCanOpenWindows":true,"javascriptEnabled":true,"loadImages":true,"localToRemoteUrlAccessEnabled":false,"userAgent":"Mozilla/5.0 (Macintosh; Intel Mac OS X) AppleWebKit/538.1 (KHTML, like Gecko) PhantomJS/2.1.1 Safari/538.1","webSecurityEnabled":true}
[INFO  - 2019-04-03T05:49:54.531Z] Session [4e37d3a0-55d4-11e9-b336-9d97bdcb5c1e] - page.customHeaders:  - {}
[INFO  - 2019-04-03T05:49:54.531Z] Session [4e37d3a0-55d4-11e9-b336-9d97bdcb5c1e] - Session.negotiatedCapabilities - {"browserName":"phantomjs","version":"2.1.1","driverName":"ghostdriver","driverVersion":"1.2.0","platform":"mac-unknown-64bit","javascriptEnabled":true,"takesScreenshot":true,"handlesAlerts":false,"databaseEnabled":false,"locationContextEnabled":false,"applicationCacheEnabled":false,"browserConnectionEnabled":false,"cssSelectorsEnabled":true,"webStorageEnabled":false,"rotatable":false,"acceptSslCerts":false,"nativeEvents":true,"proxy":{"proxyType":"direct"}}
[INFO  - 2019-04-03T05:49:54.531Z] SessionManagerReqHand - _postNewSessionCommand - New Session Created: 4e37d3a0-55d4-11e9-b336-9d97bdcb5c1e
[INFO  - 2019-04-03T05:49:56.416Z] ShutdownReqHand - _handle - About to shutdown
[INFO  - 2019-04-03T05:52:37.357Z] GhostDriver - Main - running on port 45910
[INFO  - 2019-04-03T05:52:37.961Z] Session [afa1b930-55d4-11e9-acf0-9de3a5c2a7af] - page.settings - {"XSSAuditingEnabled":false,"javascriptCanCloseWindows":true,"javascriptCanOpenWindows":true,"javascriptEnabled":true,"loadImages":true,"localToRemoteUrlAccessEnabled":false,"userAgent":"Mozilla/5.0 (Macintosh; Intel Mac OS X) AppleWebKit/538.1 (KHTML, like Gecko) PhantomJS/2.1.1 Safari/538.1","webSecurityEnabled":true}
[INFO  - 2019-04-03T05:52:37.961Z] Session [afa1b930-55d4-11e9-acf0-9de3a5c2a7af] - page.customHeaders:  - {}
[INFO  - 2019-04-03T05:52:37.961Z] Session [afa1b930-55d4-11e9-acf0-9de3a5c2a7af] - Session.negotiatedCapabilities - {"browserName":"phantomjs","version":"2.1.1","driverName":"ghostdriver","driverVersion":"1.2.0","platform":"mac-unknown-64bit","javascriptEnabled":true,"takesScreenshot":true,"handlesAlerts":false,"databaseEnabled":false,"locationContextEnabled":false,"applicationCacheEnabled":false,"browserConnectionEnabled":false,"cssSelectorsEnabled":true,"webStorageEnabled":false,"rotatable":false,"acceptSslCerts":false,"nativeEvents":true,"proxy":{"proxyType":"direct"}}
[INFO  - 2019-04-03T05:52:37.962Z] SessionManagerReqHand - _postNewSessionCommand - New Session Created: afa1b930-55d4-11e9-acf0-9de3a5c2a7af
[INFO  - 2019-04-03T05:52:41.044Z] ShutdownReqHand - _handle - About to shutdown
[INFO  - 2019-04-03T06:08:05.145Z] GhostDriver - Main - running on port 2628
[INFO  - 2019-04-03T06:08:06.333Z] Session [d8fbbe50-55d6-11e9-a751-7734c8ed86df] - page.settings - {"XSSAuditingEnabled":false,"javascriptCanCloseWindows":true,"javascriptCanOpenWindows":true,"javascriptEnabled":true,"loadImages":true,"localToRemoteUrlAccessEnabled":false,"userAgent":"Mozilla/5.0 (Macintosh; Intel Mac OS X) AppleWebKit/538.1 (KHTML, like Gecko) PhantomJS/2.1.1 Safari/538.1","webSecurityEnabled":true}
[INFO  - 2019-04-03T06:08:06.334Z] Session [d8fbbe50-55d6-11e9-a751-7734c8ed86df] - page.customHeaders:  - {}
[INFO  - 2019-04-03T06:08:06.334Z] Session [d8fbbe50-55d6-11e9-a751-7734c8ed86df] - Session.negotiatedCapabilities - {"browserName":"phantomjs","version":"2.1.1","driverName":"ghostdriver","driverVersion":"1.2.0","platform":"mac-unknown-64bit","javascriptEnabled":true,"takesScreenshot":true,"handlesAlerts":false,"databaseEnabled":false,"locationContextEnabled":false,"applicationCacheEnabled":false,"browserConnectionEnabled":false,"cssSelectorsEnabled":true,"webStorageEnabled":false,"rotatable":false,"acceptSslCerts":false,"nativeEvents":true,"proxy":{"proxyType":"direct"}}
[INFO  - 2019-04-03T06:08:06.334Z] SessionManagerReqHand - _postNewSessionCommand - New Session Created: d8fbbe50-55d6-11e9-a751-7734c8ed86df
[INFO  - 2019-04-03T06:08:09.381Z] ShutdownReqHand - _handle - About to shutdown
[INFO  - 2019-04-03T06:11:52.118Z] GhostDriver - Main - running on port 1500
[INFO  - 2019-04-03T06:11:52.806Z] Session [5ff91600-55d7-11e9-a2db-a55958257c2a] - page.settings - {"XSSAuditingEnabled":false,"javascriptCanCloseWindows":true,"javascriptCanOpenWindows":true,"javascriptEnabled":true,"loadImages":true,"localToRemoteUrlAccessEnabled":false,"userAgent":"Mozilla/5.0 (Macintosh; Intel Mac OS X) AppleWebKit/538.1 (KHTML, like Gecko) PhantomJS/2.1.1 Safari/538.1","webSecurityEnabled":true}
[INFO  - 2019-04-03T06:11:52.806Z] Session [5ff91600-55d7-11e9-a2db-a55958257c2a] - page.customHeaders:  - {}
[INFO  - 2019-04-03T06:11:52.806Z] Session [5ff91600-55d7-11e9-a2db-a55958257c2a] - Session.negotiatedCapabilities - {"browserName":"phantomjs","version":"2.1.1","driverName":"ghostdriver","driverVersion":"1.2.0","platform":"mac-unknown-64bit","javascriptEnabled":true,"takesScreenshot":true,"handlesAlerts":false,"databaseEnabled":false,"locationContextEnabled":false,"applicationCacheEnabled":false,"browserConnectionEnabled":false,"cssSelectorsEnabled":true,"webStorageEnabled":false,"rotatable":false,"acceptSslCerts":false,"nativeEvents":true,"proxy":{"proxyType":"direct"}}
[INFO  - 2019-04-03T06:11:52.807Z] SessionManagerReqHand - _postNewSessionCommand - New Session Created: 5ff91600-55d7-11e9-a2db-a55958257c2a
[INFO  - 2019-04-03T06:11:56.129Z] ShutdownReqHand - _handle - About to shutdown
[INFO  - 2019-04-03T06:15:50.986Z] GhostDriver - Main - running on port 4552
[INFO  - 2019-04-03T06:15:51.604Z] Session [ee4e28a0-55d7-11e9-af8b-d5768c766a06] - page.settings - {"XSSAuditingEnabled":false,"javascriptCanCloseWindows":true,"javascriptCanOpenWindows":true,"javascriptEnabled":true,"loadImages":true,"localToRemoteUrlAccessEnabled":false,"userAgent":"Mozilla/5.0 (Macintosh; Intel Mac OS X) AppleWebKit/538.1 (KHTML, like Gecko) PhantomJS/2.1.1 Safari/538.1","webSecurityEnabled":true}
[INFO  - 2019-04-03T06:15:51.604Z] Session [ee4e28a0-55d7-11e9-af8b-d5768c766a06] - page.customHeaders:  - {}
[INFO  - 2019-04-03T06:15:51.604Z] Session [ee4e28a0-55d7-11e9-af8b-d5768c766a06] - Session.negotiatedCapabilities - {"browserName":"phantomjs","version":"2.1.1","driverName":"ghostdriver","driverVersion":"1.2.0","platform":"mac-unknown-64bit","javascriptEnabled":true,"takesScreenshot":true,"handlesAlerts":false,"databaseEnabled":false,"locationContextEnabled":false,"applicationCacheEnabled":false,"browserConnectionEnabled":false,"cssSelectorsEnabled":true,"webStorageEnabled":false,"rotatable":false,"acceptSslCerts":false,"nativeEvents":true,"proxy":{"proxyType":"direct"}}
[INFO  - 2019-04-03T06:15:51.605Z] SessionManagerReqHand - _postNewSessionCommand - New Session Created: ee4e28a0-55d7-11e9-af8b-d5768c766a06
[INFO  - 2019-04-03T06:15:55.419Z] ShutdownReqHand - _handle - About to shutdown
