2019-04-01 14:04:14,528 DEBUG [Forwarding newSession on session null to remote] RequestAddCookies:123 - CookieSpec selected: default
2019-04-01 14:04:14,546 DEBUG [Forwarding newSession on session null to remote] RequestAuthCache:77 - Auth cache not set in the context
2019-04-01 14:04:14,548 DEBUG [Forwarding newSession on session null to remote] PoolingHttpClientConnectionManager:255 - Connection request: [route: {}->http://localhost:11613][total kept alive: 0; route allocated: 0 of 2000; total allocated: 0 of 2000]
2019-04-01 14:04:14,571 DEBUG [Forwarding newSession on session null to remote] PoolingHttpClientConnectionManager:288 - Connection leased: [id: 0][route: {}->http://localhost:11613][total kept alive: 0; route allocated: 1 of 2000; total allocated: 1 of 2000]
2019-04-01 14:04:14,574 DEBUG [Forwarding newSession on session null to remote] MainClientExec:235 - Opening connection {}->http://localhost:11613
2019-04-01 14:04:14,576 DEBUG [Forwarding newSession on session null to remote] DefaultHttpClientConnectionOperator:139 - Connecting to localhost/127.0.0.1:11613
2019-04-01 14:04:14,579 DEBUG [Forwarding newSession on session null to remote] DefaultHttpClientConnectionOperator:146 - Connection established 127.0.0.1:52403<->127.0.0.1:11613
2019-04-01 14:04:14,580 DEBUG [Forwarding newSession on session null to remote] DefaultManagedHttpClientConnection:88 - http-outgoing-0: set socket timeout to 10800000
2019-04-01 14:04:14,581 DEBUG [Forwarding newSession on session null to remote] MainClientExec:256 - Executing request POST /session HTTP/1.1
2019-04-01 14:04:14,583 DEBUG [Forwarding newSession on session null to remote] MainClientExec:261 - Target auth state: UNCHALLENGED
2019-04-01 14:04:14,590 DEBUG [Forwarding newSession on session null to remote] MainClientExec:267 - Proxy auth state: UNCHALLENGED
2019-04-01 14:04:14,593 DEBUG [Forwarding newSession on session null to remote] headers:133 - http-outgoing-0 >> POST /session HTTP/1.1
2019-04-01 14:04:14,594 DEBUG [Forwarding newSession on session null to remote] headers:136 - http-outgoing-0 >> Content-Type: application/json; charset=utf-8
2019-04-01 14:04:14,596 DEBUG [Forwarding newSession on session null to remote] headers:136 - http-outgoing-0 >> Content-Length: 550
2019-04-01 14:04:14,596 DEBUG [Forwarding newSession on session null to remote] headers:136 - http-outgoing-0 >> Host: localhost:11613
2019-04-01 14:04:14,598 DEBUG [Forwarding newSession on session null to remote] headers:136 - http-outgoing-0 >> Connection: Keep-Alive
2019-04-01 14:04:14,603 DEBUG [Forwarding newSession on session null to remote] headers:136 - http-outgoing-0 >> User-Agent: Apache-HttpClient/4.5.3 (Java/10.0.2)
2019-04-01 14:04:14,604 DEBUG [Forwarding newSession on session null to remote] headers:136 - http-outgoing-0 >> Accept-Encoding: gzip,deflate
2019-04-01 14:04:14,607 DEBUG [Forwarding newSession on session null to remote] wire:73 - http-outgoing-0 >> "POST /session HTTP/1.1[\r][\n]"
2019-04-01 14:04:14,609 DEBUG [Forwarding newSession on session null to remote] wire:73 - http-outgoing-0 >> "Content-Type: application/json; charset=utf-8[\r][\n]"
2019-04-01 14:04:14,609 DEBUG [Forwarding newSession on session null to remote] wire:73 - http-outgoing-0 >> "Content-Length: 550[\r][\n]"
2019-04-01 14:04:14,610 DEBUG [Forwarding newSession on session null to remote] wire:73 - http-outgoing-0 >> "Host: localhost:11613[\r][\n]"
2019-04-01 14:04:14,611 DEBUG [Forwarding newSession on session null to remote] wire:73 - http-outgoing-0 >> "Connection: Keep-Alive[\r][\n]"
2019-04-01 14:04:14,611 DEBUG [Forwarding newSession on session null to remote] wire:73 - http-outgoing-0 >> "User-Agent: Apache-HttpClient/4.5.3 (Java/10.0.2)[\r][\n]"
2019-04-01 14:04:14,612 DEBUG [Forwarding newSession on session null to remote] wire:73 - http-outgoing-0 >> "Accept-Encoding: gzip,deflate[\r][\n]"
2019-04-01 14:04:14,612 DEBUG [Forwarding newSession on session null to remote] wire:73 - http-outgoing-0 >> "[\r][\n]"
2019-04-01 14:04:14,613 DEBUG [Forwarding newSession on session null to remote] wire:73 - http-outgoing-0 >> "{[\n]"
2019-04-01 14:04:14,613 DEBUG [Forwarding newSession on session null to remote] wire:73 - http-outgoing-0 >> "  "desiredCapabilities": {[\n]"
2019-04-01 14:04:14,614 DEBUG [Forwarding newSession on session null to remote] wire:73 - http-outgoing-0 >> "    "browserName": "chrome",[\n]"
2019-04-01 14:04:14,615 DEBUG [Forwarding newSession on session null to remote] wire:73 - http-outgoing-0 >> "    "chromeOptions": {[\n]"
2019-04-01 14:04:14,615 DEBUG [Forwarding newSession on session null to remote] wire:73 - http-outgoing-0 >> "      "args": [],[\n]"
2019-04-01 14:04:14,616 DEBUG [Forwarding newSession on session null to remote] wire:73 - http-outgoing-0 >> "      "extensions": [][\n]"
2019-04-01 14:04:14,617 DEBUG [Forwarding newSession on session null to remote] wire:73 - http-outgoing-0 >> "    },[\n]"
2019-04-01 14:04:14,617 DEBUG [Forwarding newSession on session null to remote] wire:73 - http-outgoing-0 >> "    "version": "",[\n]"
2019-04-01 14:04:14,618 DEBUG [Forwarding newSession on session null to remote] wire:73 - http-outgoing-0 >> "    "platform": "ANY"[\n]"
2019-04-01 14:04:14,618 DEBUG [Forwarding newSession on session null to remote] wire:73 - http-outgoing-0 >> "  },[\n]"
2019-04-01 14:04:14,619 DEBUG [Forwarding newSession on session null to remote] wire:73 - http-outgoing-0 >> "  "requiredCapabilities": {},[\n]"
2019-04-01 14:04:14,619 DEBUG [Forwarding newSession on session null to remote] wire:73 - http-outgoing-0 >> "  "capabilities": {[\n]"
2019-04-01 14:04:14,620 DEBUG [Forwarding newSession on session null to remote] wire:73 - http-outgoing-0 >> "    "desiredCapabilities": {[\n]"
2019-04-01 14:04:14,620 DEBUG [Forwarding newSession on session null to remote] wire:73 - http-outgoing-0 >> "      "browserName": "chrome",[\n]"
2019-04-01 14:04:14,621 DEBUG [Forwarding newSession on session null to remote] wire:73 - http-outgoing-0 >> "      "chromeOptions": {[\n]"
2019-04-01 14:04:14,621 DEBUG [Forwarding newSession on session null to remote] wire:73 - http-outgoing-0 >> "        "args": [],[\n]"
2019-04-01 14:04:14,622 DEBUG [Forwarding newSession on session null to remote] wire:73 - http-outgoing-0 >> "        "extensions": [][\n]"
2019-04-01 14:04:14,623 DEBUG [Forwarding newSession on session null to remote] wire:73 - http-outgoing-0 >> "      },[\n]"
2019-04-01 14:04:14,623 DEBUG [Forwarding newSession on session null to remote] wire:73 - http-outgoing-0 >> "      "version": "",[\n]"
2019-04-01 14:04:14,624 DEBUG [Forwarding newSession on session null to remote] wire:73 - http-outgoing-0 >> "      "platform": "ANY"[\n]"
2019-04-01 14:04:14,625 DEBUG [Forwarding newSession on session null to remote] wire:73 - http-outgoing-0 >> "    },[\n]"
2019-04-01 14:04:14,626 DEBUG [Forwarding newSession on session null to remote] wire:73 - http-outgoing-0 >> "    "requiredCapabilities": {},[\n]"
2019-04-01 14:04:14,626 DEBUG [Forwarding newSession on session null to remote] wire:73 - http-outgoing-0 >> "    "alwaysMatch": {},[\n]"
2019-04-01 14:04:14,627 DEBUG [Forwarding newSession on session null to remote] wire:73 - http-outgoing-0 >> "    "firstMatch": [[\n]"
2019-04-01 14:04:14,627 DEBUG [Forwarding newSession on session null to remote] wire:73 - http-outgoing-0 >> "      {[\n]"
2019-04-01 14:04:14,628 DEBUG [Forwarding newSession on session null to remote] wire:73 - http-outgoing-0 >> "        "browserName": "chrome"[\n]"
2019-04-01 14:04:14,628 DEBUG [Forwarding newSession on session null to remote] wire:73 - http-outgoing-0 >> "      }[\n]"
2019-04-01 14:04:14,629 DEBUG [Forwarding newSession on session null to remote] wire:73 - http-outgoing-0 >> "    ][\n]"
2019-04-01 14:04:14,630 DEBUG [Forwarding newSession on session null to remote] wire:73 - http-outgoing-0 >> "  }[\n]"
2019-04-01 14:04:14,631 DEBUG [Forwarding newSession on session null to remote] wire:87 - http-outgoing-0 >> "}"
2019-04-01 14:04:15,911 DEBUG [Forwarding newSession on session null to remote] wire:73 - http-outgoing-0 << "HTTP/1.1 200 OK[\r][\n]"
2019-04-01 14:04:15,913 DEBUG [Forwarding newSession on session null to remote] wire:73 - http-outgoing-0 << "Content-Length:903[\r][\n]"
2019-04-01 14:04:15,914 DEBUG [Forwarding newSession on session null to remote] wire:73 - http-outgoing-0 << "Content-Type:application/json; charset=utf-8[\r][\n]"
2019-04-01 14:04:15,914 DEBUG [Forwarding newSession on session null to remote] wire:73 - http-outgoing-0 << "[\r][\n]"
2019-04-01 14:04:15,915 DEBUG [Forwarding newSession on session null to remote] wire:87 - http-outgoing-0 << "{"sessionId":"1787d9bd2b91e315a1709361c055afb4","status":0,"value":{"acceptInsecureCerts":false,"acceptSslCerts":false,"applicationCacheEnabled":false,"browserConnectionEnabled":false,"browserName":"chrome","chrome":{"chromedriverVersion":"2.42.591059 (a3d9684d10d61aa0c45f6723b327283be1ebaad8)","userDataDir":"/var/folders/sz/fyb33cv97js583220tb8lx240000gn/T/.org.chromium.Chromium.HXC7iT"},"cssSelectorsEnabled":true,"databaseEnabled":false,"goog:chromeOptions":{"debuggerAddress":"localhost:52404"},"handlesAlerts":true,"hasTouchScreen":false,"javascriptEnabled":true,"locationContextEnabled":true,"mobileEmulationEnabled":false,"nativeEvents":true,"networkConnectionEnabled":false,"pageLoadStrategy":"normal","platform":"Mac OS X","rotatable":false,"setWindowRect":true,"takesHeapSnapshot":true,"takesScreenshot":true,"unexpectedAlertBehaviour":"","version":"73.0.3683.86","webStorageEnabled":true}}"
2019-04-01 14:04:15,921 DEBUG [Forwarding newSession on session null to remote] headers:122 - http-outgoing-0 << HTTP/1.1 200 OK
2019-04-01 14:04:15,922 DEBUG [Forwarding newSession on session null to remote] headers:125 - http-outgoing-0 << Content-Length:903
2019-04-01 14:04:15,924 DEBUG [Forwarding newSession on session null to remote] headers:125 - http-outgoing-0 << Content-Type:application/json; charset=utf-8
2019-04-01 14:04:15,933 DEBUG [Forwarding newSession on session null to remote] MainClientExec:285 - Connection can be kept alive indefinitely
2019-04-01 14:04:15,938 DEBUG [Forwarding newSession on session null to remote] PoolingHttpClientConnectionManager:320 - Connection [id: 0][route: {}->http://localhost:11613] can be kept alive indefinitely
2019-04-01 14:04:15,939 DEBUG [Forwarding newSession on session null to remote] PoolingHttpClientConnectionManager:326 - Connection released: [id: 0][route: {}->http://localhost:11613][total kept alive: 1; route allocated: 1 of 2000; total allocated: 1 of 2000]
2019-04-01 14:04:16,088 DEBUG [Forwarding get on session 1787d9bd2b91e315a1709361c055afb4 to remote] RequestAddCookies:123 - CookieSpec selected: default
2019-04-01 14:04:16,089 DEBUG [Forwarding get on session 1787d9bd2b91e315a1709361c055afb4 to remote] RequestAuthCache:77 - Auth cache not set in the context
2019-04-01 14:04:16,091 DEBUG [Forwarding get on session 1787d9bd2b91e315a1709361c055afb4 to remote] PoolingHttpClientConnectionManager:255 - Connection request: [route: {}->http://localhost:11613][total kept alive: 1; route allocated: 1 of 2000; total allocated: 1 of 2000]
2019-04-01 14:04:16,092 DEBUG [Forwarding get on session 1787d9bd2b91e315a1709361c055afb4 to remote] PoolingHttpClientConnectionManager:288 - Connection leased: [id: 0][route: {}->http://localhost:11613][total kept alive: 0; route allocated: 1 of 2000; total allocated: 1 of 2000]
2019-04-01 14:04:16,093 DEBUG [Forwarding get on session 1787d9bd2b91e315a1709361c055afb4 to remote] MainClientExec:208 - Stale connection check
2019-04-01 14:04:16,095 DEBUG [Forwarding get on session 1787d9bd2b91e315a1709361c055afb4 to remote] wire:87 - http-outgoing-0 << "[read] I/O error: Read timed out"
2019-04-01 14:04:16,096 DEBUG [Forwarding get on session 1787d9bd2b91e315a1709361c055afb4 to remote] DefaultManagedHttpClientConnection:88 - http-outgoing-0: set socket timeout to 10800000
2019-04-01 14:04:16,097 DEBUG [Forwarding get on session 1787d9bd2b91e315a1709361c055afb4 to remote] MainClientExec:256 - Executing request POST /session/1787d9bd2b91e315a1709361c055afb4/url HTTP/1.1
2019-04-01 14:04:16,097 DEBUG [Forwarding get on session 1787d9bd2b91e315a1709361c055afb4 to remote] MainClientExec:261 - Target auth state: UNCHALLENGED
2019-04-01 14:04:16,098 DEBUG [Forwarding get on session 1787d9bd2b91e315a1709361c055afb4 to remote] MainClientExec:267 - Proxy auth state: UNCHALLENGED
2019-04-01 14:04:16,098 DEBUG [Forwarding get on session 1787d9bd2b91e315a1709361c055afb4 to remote] headers:133 - http-outgoing-0 >> POST /session/1787d9bd2b91e315a1709361c055afb4/url HTTP/1.1
2019-04-01 14:04:16,101 DEBUG [Forwarding get on session 1787d9bd2b91e315a1709361c055afb4 to remote] headers:136 - http-outgoing-0 >> Content-Type: application/json; charset=utf-8
2019-04-01 14:04:16,102 DEBUG [Forwarding get on session 1787d9bd2b91e315a1709361c055afb4 to remote] headers:136 - http-outgoing-0 >> Content-Length: 62
2019-04-01 14:04:16,103 DEBUG [Forwarding get on session 1787d9bd2b91e315a1709361c055afb4 to remote] headers:136 - http-outgoing-0 >> Host: localhost:11613
2019-04-01 14:04:16,103 DEBUG [Forwarding get on session 1787d9bd2b91e315a1709361c055afb4 to remote] headers:136 - http-outgoing-0 >> Connection: Keep-Alive
2019-04-01 14:04:16,104 DEBUG [Forwarding get on session 1787d9bd2b91e315a1709361c055afb4 to remote] headers:136 - http-outgoing-0 >> User-Agent: Apache-HttpClient/4.5.3 (Java/10.0.2)
2019-04-01 14:04:16,104 DEBUG [Forwarding get on session 1787d9bd2b91e315a1709361c055afb4 to remote] headers:136 - http-outgoing-0 >> Accept-Encoding: gzip,deflate
2019-04-01 14:04:16,105 DEBUG [Forwarding get on session 1787d9bd2b91e315a1709361c055afb4 to remote] wire:73 - http-outgoing-0 >> "POST /session/1787d9bd2b91e315a1709361c055afb4/url HTTP/1.1[\r][\n]"
2019-04-01 14:04:16,106 DEBUG [Forwarding get on session 1787d9bd2b91e315a1709361c055afb4 to remote] wire:73 - http-outgoing-0 >> "Content-Type: application/json; charset=utf-8[\r][\n]"
2019-04-01 14:04:16,108 DEBUG [Forwarding get on session 1787d9bd2b91e315a1709361c055afb4 to remote] wire:73 - http-outgoing-0 >> "Content-Length: 62[\r][\n]"
2019-04-01 14:04:16,109 DEBUG [Forwarding get on session 1787d9bd2b91e315a1709361c055afb4 to remote] wire:73 - http-outgoing-0 >> "Host: localhost:11613[\r][\n]"
2019-04-01 14:04:16,110 DEBUG [Forwarding get on session 1787d9bd2b91e315a1709361c055afb4 to remote] wire:73 - http-outgoing-0 >> "Connection: Keep-Alive[\r][\n]"
2019-04-01 14:04:16,110 DEBUG [Forwarding get on session 1787d9bd2b91e315a1709361c055afb4 to remote] wire:73 - http-outgoing-0 >> "User-Agent: Apache-HttpClient/4.5.3 (Java/10.0.2)[\r][\n]"
2019-04-01 14:04:16,111 DEBUG [Forwarding get on session 1787d9bd2b91e315a1709361c055afb4 to remote] wire:73 - http-outgoing-0 >> "Accept-Encoding: gzip,deflate[\r][\n]"
2019-04-01 14:04:16,112 DEBUG [Forwarding get on session 1787d9bd2b91e315a1709361c055afb4 to remote] wire:73 - http-outgoing-0 >> "[\r][\n]"
2019-04-01 14:04:16,112 DEBUG [Forwarding get on session 1787d9bd2b91e315a1709361c055afb4 to remote] wire:87 - http-outgoing-0 >> "{"url":"https://staging.dashboard.intercity.zipgo.in/#/login"}"
2019-04-01 14:04:18,446 DEBUG [Forwarding get on session 1787d9bd2b91e315a1709361c055afb4 to remote] wire:73 - http-outgoing-0 << "HTTP/1.1 200 OK[\r][\n]"
2019-04-01 14:04:18,447 DEBUG [Forwarding get on session 1787d9bd2b91e315a1709361c055afb4 to remote] wire:73 - http-outgoing-0 << "Content-Length:72[\r][\n]"
2019-04-01 14:04:18,448 DEBUG [Forwarding get on session 1787d9bd2b91e315a1709361c055afb4 to remote] wire:73 - http-outgoing-0 << "Content-Type:application/json; charset=utf-8[\r][\n]"
2019-04-01 14:04:18,449 DEBUG [Forwarding get on session 1787d9bd2b91e315a1709361c055afb4 to remote] wire:73 - http-outgoing-0 << "[\r][\n]"
2019-04-01 14:04:18,449 DEBUG [Forwarding get on session 1787d9bd2b91e315a1709361c055afb4 to remote] wire:87 - http-outgoing-0 << "{"sessionId":"1787d9bd2b91e315a1709361c055afb4","status":0,"value":null}"
2019-04-01 14:04:18,450 DEBUG [Forwarding get on session 1787d9bd2b91e315a1709361c055afb4 to remote] headers:122 - http-outgoing-0 << HTTP/1.1 200 OK
2019-04-01 14:04:18,451 DEBUG [Forwarding get on session 1787d9bd2b91e315a1709361c055afb4 to remote] headers:125 - http-outgoing-0 << Content-Length:72
2019-04-01 14:04:18,451 DEBUG [Forwarding get on session 1787d9bd2b91e315a1709361c055afb4 to remote] headers:125 - http-outgoing-0 << Content-Type:application/json; charset=utf-8
2019-04-01 14:04:18,452 DEBUG [Forwarding get on session 1787d9bd2b91e315a1709361c055afb4 to remote] MainClientExec:285 - Connection can be kept alive indefinitely
2019-04-01 14:04:18,453 DEBUG [Forwarding get on session 1787d9bd2b91e315a1709361c055afb4 to remote] PoolingHttpClientConnectionManager:320 - Connection [id: 0][route: {}->http://localhost:11613] can be kept alive indefinitely
2019-04-01 14:04:18,454 DEBUG [Forwarding get on session 1787d9bd2b91e315a1709361c055afb4 to remote] PoolingHttpClientConnectionManager:326 - Connection released: [id: 0][route: {}->http://localhost:11613][total kept alive: 1; route allocated: 1 of 2000; total allocated: 1 of 2000]
2019-04-01 14:04:18,461 DEBUG [Forwarding setTimeout on session 1787d9bd2b91e315a1709361c055afb4 to remote] RequestAddCookies:123 - CookieSpec selected: default
2019-04-01 14:04:18,461 DEBUG [Forwarding setTimeout on session 1787d9bd2b91e315a1709361c055afb4 to remote] RequestAuthCache:77 - Auth cache not set in the context
2019-04-01 14:04:18,461 DEBUG [Forwarding setTimeout on session 1787d9bd2b91e315a1709361c055afb4 to remote] PoolingHttpClientConnectionManager:255 - Connection request: [route: {}->http://localhost:11613][total kept alive: 1; route allocated: 1 of 2000; total allocated: 1 of 2000]
2019-04-01 14:04:18,462 DEBUG [Forwarding setTimeout on session 1787d9bd2b91e315a1709361c055afb4 to remote] PoolingHttpClientConnectionManager:288 - Connection leased: [id: 0][route: {}->http://localhost:11613][total kept alive: 0; route allocated: 1 of 2000; total allocated: 1 of 2000]
2019-04-01 14:04:18,462 DEBUG [Forwarding setTimeout on session 1787d9bd2b91e315a1709361c055afb4 to remote] MainClientExec:208 - Stale connection check
2019-04-01 14:04:18,464 DEBUG [Forwarding setTimeout on session 1787d9bd2b91e315a1709361c055afb4 to remote] wire:87 - http-outgoing-0 << "[read] I/O error: Read timed out"
2019-04-01 14:04:18,464 DEBUG [Forwarding setTimeout on session 1787d9bd2b91e315a1709361c055afb4 to remote] DefaultManagedHttpClientConnection:88 - http-outgoing-0: set socket timeout to 10800000
2019-04-01 14:04:18,465 DEBUG [Forwarding setTimeout on session 1787d9bd2b91e315a1709361c055afb4 to remote] MainClientExec:256 - Executing request POST /session/1787d9bd2b91e315a1709361c055afb4/timeouts HTTP/1.1
2019-04-01 14:04:18,465 DEBUG [Forwarding setTimeout on session 1787d9bd2b91e315a1709361c055afb4 to remote] MainClientExec:261 - Target auth state: UNCHALLENGED
2019-04-01 14:04:18,466 DEBUG [Forwarding setTimeout on session 1787d9bd2b91e315a1709361c055afb4 to remote] MainClientExec:267 - Proxy auth state: UNCHALLENGED
2019-04-01 14:04:18,467 DEBUG [Forwarding setTimeout on session 1787d9bd2b91e315a1709361c055afb4 to remote] headers:133 - http-outgoing-0 >> POST /session/1787d9bd2b91e315a1709361c055afb4/timeouts HTTP/1.1
2019-04-01 14:04:18,468 DEBUG [Forwarding setTimeout on session 1787d9bd2b91e315a1709361c055afb4 to remote] headers:136 - http-outgoing-0 >> Content-Type: application/json; charset=utf-8
2019-04-01 14:04:18,469 DEBUG [Forwarding setTimeout on session 1787d9bd2b91e315a1709361c055afb4 to remote] headers:136 - http-outgoing-0 >> Content-Length: 29
2019-04-01 14:04:18,469 DEBUG [Forwarding setTimeout on session 1787d9bd2b91e315a1709361c055afb4 to remote] headers:136 - http-outgoing-0 >> Host: localhost:11613
2019-04-01 14:04:18,470 DEBUG [Forwarding setTimeout on session 1787d9bd2b91e315a1709361c055afb4 to remote] headers:136 - http-outgoing-0 >> Connection: Keep-Alive
2019-04-01 14:04:18,470 DEBUG [Forwarding setTimeout on session 1787d9bd2b91e315a1709361c055afb4 to remote] headers:136 - http-outgoing-0 >> User-Agent: Apache-HttpClient/4.5.3 (Java/10.0.2)
2019-04-01 14:04:18,470 DEBUG [Forwarding setTimeout on session 1787d9bd2b91e315a1709361c055afb4 to remote] headers:136 - http-outgoing-0 >> Accept-Encoding: gzip,deflate
2019-04-01 14:04:18,471 DEBUG [Forwarding setTimeout on session 1787d9bd2b91e315a1709361c055afb4 to remote] wire:73 - http-outgoing-0 >> "POST /session/1787d9bd2b91e315a1709361c055afb4/timeouts HTTP/1.1[\r][\n]"
2019-04-01 14:04:18,472 DEBUG [Forwarding setTimeout on session 1787d9bd2b91e315a1709361c055afb4 to remote] wire:73 - http-outgoing-0 >> "Content-Type: application/json; charset=utf-8[\r][\n]"
2019-04-01 14:04:18,472 DEBUG [Forwarding setTimeout on session 1787d9bd2b91e315a1709361c055afb4 to remote] wire:73 - http-outgoing-0 >> "Content-Length: 29[\r][\n]"
2019-04-01 14:04:18,473 DEBUG [Forwarding setTimeout on session 1787d9bd2b91e315a1709361c055afb4 to remote] wire:73 - http-outgoing-0 >> "Host: localhost:11613[\r][\n]"
2019-04-01 14:04:18,474 DEBUG [Forwarding setTimeout on session 1787d9bd2b91e315a1709361c055afb4 to remote] wire:73 - http-outgoing-0 >> "Connection: Keep-Alive[\r][\n]"
2019-04-01 14:04:18,474 DEBUG [Forwarding setTimeout on session 1787d9bd2b91e315a1709361c055afb4 to remote] wire:73 - http-outgoing-0 >> "User-Agent: Apache-HttpClient/4.5.3 (Java/10.0.2)[\r][\n]"
2019-04-01 14:04:18,476 DEBUG [Forwarding setTimeout on session 1787d9bd2b91e315a1709361c055afb4 to remote] wire:73 - http-outgoing-0 >> "Accept-Encoding: gzip,deflate[\r][\n]"
2019-04-01 14:04:18,477 DEBUG [Forwarding setTimeout on session 1787d9bd2b91e315a1709361c055afb4 to remote] wire:73 - http-outgoing-0 >> "[\r][\n]"
2019-04-01 14:04:18,478 DEBUG [Forwarding setTimeout on session 1787d9bd2b91e315a1709361c055afb4 to remote] wire:87 - http-outgoing-0 >> "{"type":"implicit","ms":3000}"
2019-04-01 14:04:18,478 DEBUG [Forwarding setTimeout on session 1787d9bd2b91e315a1709361c055afb4 to remote] wire:73 - http-outgoing-0 << "HTTP/1.1 200 OK[\r][\n]"
2019-04-01 14:04:18,479 DEBUG [Forwarding setTimeout on session 1787d9bd2b91e315a1709361c055afb4 to remote] wire:73 - http-outgoing-0 << "Content-Length:72[\r][\n]"
2019-04-01 14:04:18,479 DEBUG [Forwarding setTimeout on session 1787d9bd2b91e315a1709361c055afb4 to remote] wire:73 - http-outgoing-0 << "Content-Type:application/json; charset=utf-8[\r][\n]"
2019-04-01 14:04:18,479 DEBUG [Forwarding setTimeout on session 1787d9bd2b91e315a1709361c055afb4 to remote] wire:73 - http-outgoing-0 << "[\r][\n]"
2019-04-01 14:04:18,480 DEBUG [Forwarding setTimeout on session 1787d9bd2b91e315a1709361c055afb4 to remote] wire:87 - http-outgoing-0 << "{"sessionId":"1787d9bd2b91e315a1709361c055afb4","status":0,"value":null}"
2019-04-01 14:04:18,480 DEBUG [Forwarding setTimeout on session 1787d9bd2b91e315a1709361c055afb4 to remote] headers:122 - http-outgoing-0 << HTTP/1.1 200 OK
2019-04-01 14:04:18,480 DEBUG [Forwarding setTimeout on session 1787d9bd2b91e315a1709361c055afb4 to remote] headers:125 - http-outgoing-0 << Content-Length:72
2019-04-01 14:04:18,481 DEBUG [Forwarding setTimeout on session 1787d9bd2b91e315a1709361c055afb4 to remote] headers:125 - http-outgoing-0 << Content-Type:application/json; charset=utf-8
2019-04-01 14:04:18,481 DEBUG [Forwarding setTimeout on session 1787d9bd2b91e315a1709361c055afb4 to remote] MainClientExec:285 - Connection can be kept alive indefinitely
2019-04-01 14:04:18,481 DEBUG [Forwarding setTimeout on session 1787d9bd2b91e315a1709361c055afb4 to remote] PoolingHttpClientConnectionManager:320 - Connection [id: 0][route: {}->http://localhost:11613] can be kept alive indefinitely
2019-04-01 14:04:18,482 DEBUG [Forwarding setTimeout on session 1787d9bd2b91e315a1709361c055afb4 to remote] PoolingHttpClientConnectionManager:326 - Connection released: [id: 0][route: {}->http://localhost:11613][total kept alive: 1; route allocated: 1 of 2000; total allocated: 1 of 2000]
2019-04-01 14:04:18,484 DEBUG [Forwarding findElement on session 1787d9bd2b91e315a1709361c055afb4 to remote] RequestAddCookies:123 - CookieSpec selected: default
2019-04-01 14:04:18,485 DEBUG [Forwarding findElement on session 1787d9bd2b91e315a1709361c055afb4 to remote] RequestAuthCache:77 - Auth cache not set in the context
2019-04-01 14:04:18,485 DEBUG [Forwarding findElement on session 1787d9bd2b91e315a1709361c055afb4 to remote] PoolingHttpClientConnectionManager:255 - Connection request: [route: {}->http://localhost:11613][total kept alive: 1; route allocated: 1 of 2000; total allocated: 1 of 2000]
2019-04-01 14:04:18,486 DEBUG [Forwarding findElement on session 1787d9bd2b91e315a1709361c055afb4 to remote] PoolingHttpClientConnectionManager:288 - Connection leased: [id: 0][route: {}->http://localhost:11613][total kept alive: 0; route allocated: 1 of 2000; total allocated: 1 of 2000]
2019-04-01 14:04:18,486 DEBUG [Forwarding findElement on session 1787d9bd2b91e315a1709361c055afb4 to remote] MainClientExec:208 - Stale connection check
2019-04-01 14:04:18,488 DEBUG [Forwarding findElement on session 1787d9bd2b91e315a1709361c055afb4 to remote] wire:87 - http-outgoing-0 << "[read] I/O error: Read timed out"
2019-04-01 14:04:18,488 DEBUG [Forwarding findElement on session 1787d9bd2b91e315a1709361c055afb4 to remote] DefaultManagedHttpClientConnection:88 - http-outgoing-0: set socket timeout to 10800000
2019-04-01 14:04:18,488 DEBUG [Forwarding findElement on session 1787d9bd2b91e315a1709361c055afb4 to remote] MainClientExec:256 - Executing request POST /session/1787d9bd2b91e315a1709361c055afb4/element HTTP/1.1
2019-04-01 14:04:18,489 DEBUG [Forwarding findElement on session 1787d9bd2b91e315a1709361c055afb4 to remote] MainClientExec:261 - Target auth state: UNCHALLENGED
2019-04-01 14:04:18,489 DEBUG [Forwarding findElement on session 1787d9bd2b91e315a1709361c055afb4 to remote] MainClientExec:267 - Proxy auth state: UNCHALLENGED
2019-04-01 14:04:18,489 DEBUG [Forwarding findElement on session 1787d9bd2b91e315a1709361c055afb4 to remote] headers:133 - http-outgoing-0 >> POST /session/1787d9bd2b91e315a1709361c055afb4/element HTTP/1.1
2019-04-01 14:04:18,490 DEBUG [Forwarding findElement on session 1787d9bd2b91e315a1709361c055afb4 to remote] headers:136 - http-outgoing-0 >> Content-Type: application/json; charset=utf-8
2019-04-01 14:04:18,490 DEBUG [Forwarding findElement on session 1787d9bd2b91e315a1709361c055afb4 to remote] headers:136 - http-outgoing-0 >> Content-Length: 37
2019-04-01 14:04:18,490 DEBUG [Forwarding findElement on session 1787d9bd2b91e315a1709361c055afb4 to remote] headers:136 - http-outgoing-0 >> Host: localhost:11613
2019-04-01 14:04:18,490 DEBUG [Forwarding findElement on session 1787d9bd2b91e315a1709361c055afb4 to remote] headers:136 - http-outgoing-0 >> Connection: Keep-Alive
2019-04-01 14:04:18,491 DEBUG [Forwarding findElement on session 1787d9bd2b91e315a1709361c055afb4 to remote] headers:136 - http-outgoing-0 >> User-Agent: Apache-HttpClient/4.5.3 (Java/10.0.2)
2019-04-01 14:04:18,491 DEBUG [Forwarding findElement on session 1787d9bd2b91e315a1709361c055afb4 to remote] headers:136 - http-outgoing-0 >> Accept-Encoding: gzip,deflate
2019-04-01 14:04:18,493 DEBUG [Forwarding findElement on session 1787d9bd2b91e315a1709361c055afb4 to remote] wire:73 - http-outgoing-0 >> "POST /session/1787d9bd2b91e315a1709361c055afb4/element HTTP/1.1[\r][\n]"
2019-04-01 14:04:18,494 DEBUG [Forwarding findElement on session 1787d9bd2b91e315a1709361c055afb4 to remote] wire:73 - http-outgoing-0 >> "Content-Type: application/json; charset=utf-8[\r][\n]"
2019-04-01 14:04:18,494 DEBUG [Forwarding findElement on session 1787d9bd2b91e315a1709361c055afb4 to remote] wire:73 - http-outgoing-0 >> "Content-Length: 37[\r][\n]"
2019-04-01 14:04:18,495 DEBUG [Forwarding findElement on session 1787d9bd2b91e315a1709361c055afb4 to remote] wire:73 - http-outgoing-0 >> "Host: localhost:11613[\r][\n]"
2019-04-01 14:04:18,495 DEBUG [Forwarding findElement on session 1787d9bd2b91e315a1709361c055afb4 to remote] wire:73 - http-outgoing-0 >> "Connection: Keep-Alive[\r][\n]"
2019-04-01 14:04:18,495 DEBUG [Forwarding findElement on session 1787d9bd2b91e315a1709361c055afb4 to remote] wire:73 - http-outgoing-0 >> "User-Agent: Apache-HttpClient/4.5.3 (Java/10.0.2)[\r][\n]"
2019-04-01 14:04:18,496 DEBUG [Forwarding findElement on session 1787d9bd2b91e315a1709361c055afb4 to remote] wire:73 - http-outgoing-0 >> "Accept-Encoding: gzip,deflate[\r][\n]"
2019-04-01 14:04:18,496 DEBUG [Forwarding findElement on session 1787d9bd2b91e315a1709361c055afb4 to remote] wire:73 - http-outgoing-0 >> "[\r][\n]"
2019-04-01 14:04:18,496 DEBUG [Forwarding findElement on session 1787d9bd2b91e315a1709361c055afb4 to remote] wire:87 - http-outgoing-0 >> "{"using":"link text","value":"Login"}"
2019-04-01 14:04:18,521 DEBUG [Forwarding findElement on session 1787d9bd2b91e315a1709361c055afb4 to remote] wire:73 - http-outgoing-0 << "HTTP/1.1 200 OK[\r][\n]"
2019-04-01 14:04:18,521 DEBUG [Forwarding findElement on session 1787d9bd2b91e315a1709361c055afb4 to remote] wire:73 - http-outgoing-0 << "Content-Length:102[\r][\n]"
2019-04-01 14:04:18,522 DEBUG [Forwarding findElement on session 1787d9bd2b91e315a1709361c055afb4 to remote] wire:73 - http-outgoing-0 << "Content-Type:application/json; charset=utf-8[\r][\n]"
2019-04-01 14:04:18,522 DEBUG [Forwarding findElement on session 1787d9bd2b91e315a1709361c055afb4 to remote] wire:73 - http-outgoing-0 << "[\r][\n]"
2019-04-01 14:04:18,522 DEBUG [Forwarding findElement on session 1787d9bd2b91e315a1709361c055afb4 to remote] wire:87 - http-outgoing-0 << "{"sessionId":"1787d9bd2b91e315a1709361c055afb4","status":0,"value":{"ELEMENT":"0.7117862636164944-1"}}"
2019-04-01 14:04:18,523 DEBUG [Forwarding findElement on session 1787d9bd2b91e315a1709361c055afb4 to remote] headers:122 - http-outgoing-0 << HTTP/1.1 200 OK
2019-04-01 14:04:18,523 DEBUG [Forwarding findElement on session 1787d9bd2b91e315a1709361c055afb4 to remote] headers:125 - http-outgoing-0 << Content-Length:102
2019-04-01 14:04:18,524 DEBUG [Forwarding findElement on session 1787d9bd2b91e315a1709361c055afb4 to remote] headers:125 - http-outgoing-0 << Content-Type:application/json; charset=utf-8
2019-04-01 14:04:18,525 DEBUG [Forwarding findElement on session 1787d9bd2b91e315a1709361c055afb4 to remote] MainClientExec:285 - Connection can be kept alive indefinitely
2019-04-01 14:04:18,525 DEBUG [Forwarding findElement on session 1787d9bd2b91e315a1709361c055afb4 to remote] PoolingHttpClientConnectionManager:320 - Connection [id: 0][route: {}->http://localhost:11613] can be kept alive indefinitely
2019-04-01 14:04:18,526 DEBUG [Forwarding findElement on session 1787d9bd2b91e315a1709361c055afb4 to remote] PoolingHttpClientConnectionManager:326 - Connection released: [id: 0][route: {}->http://localhost:11613][total kept alive: 1; route allocated: 1 of 2000; total allocated: 1 of 2000]
2019-04-01 14:04:18,533 DEBUG [Forwarding clickElement on session 1787d9bd2b91e315a1709361c055afb4 to remote] RequestAddCookies:123 - CookieSpec selected: default
2019-04-01 14:04:18,533 DEBUG [Forwarding clickElement on session 1787d9bd2b91e315a1709361c055afb4 to remote] RequestAuthCache:77 - Auth cache not set in the context
2019-04-01 14:04:18,533 DEBUG [Forwarding clickElement on session 1787d9bd2b91e315a1709361c055afb4 to remote] PoolingHttpClientConnectionManager:255 - Connection request: [route: {}->http://localhost:11613][total kept alive: 1; route allocated: 1 of 2000; total allocated: 1 of 2000]
2019-04-01 14:04:18,534 DEBUG [Forwarding clickElement on session 1787d9bd2b91e315a1709361c055afb4 to remote] PoolingHttpClientConnectionManager:288 - Connection leased: [id: 0][route: {}->http://localhost:11613][total kept alive: 0; route allocated: 1 of 2000; total allocated: 1 of 2000]
2019-04-01 14:04:18,534 DEBUG [Forwarding clickElement on session 1787d9bd2b91e315a1709361c055afb4 to remote] MainClientExec:208 - Stale connection check
2019-04-01 14:04:18,536 DEBUG [Forwarding clickElement on session 1787d9bd2b91e315a1709361c055afb4 to remote] wire:87 - http-outgoing-0 << "[read] I/O error: Read timed out"
2019-04-01 14:04:18,537 DEBUG [Forwarding clickElement on session 1787d9bd2b91e315a1709361c055afb4 to remote] DefaultManagedHttpClientConnection:88 - http-outgoing-0: set socket timeout to 10800000
2019-04-01 14:04:18,537 DEBUG [Forwarding clickElement on session 1787d9bd2b91e315a1709361c055afb4 to remote] MainClientExec:256 - Executing request POST /session/1787d9bd2b91e315a1709361c055afb4/element/0.7117862636164944-1/click HTTP/1.1
2019-04-01 14:04:18,540 DEBUG [Forwarding clickElement on session 1787d9bd2b91e315a1709361c055afb4 to remote] MainClientExec:261 - Target auth state: UNCHALLENGED
2019-04-01 14:04:18,542 DEBUG [Forwarding clickElement on session 1787d9bd2b91e315a1709361c055afb4 to remote] MainClientExec:267 - Proxy auth state: UNCHALLENGED
2019-04-01 14:04:18,543 DEBUG [Forwarding clickElement on session 1787d9bd2b91e315a1709361c055afb4 to remote] headers:133 - http-outgoing-0 >> POST /session/1787d9bd2b91e315a1709361c055afb4/element/0.7117862636164944-1/click HTTP/1.1
2019-04-01 14:04:18,543 DEBUG [Forwarding clickElement on session 1787d9bd2b91e315a1709361c055afb4 to remote] headers:136 - http-outgoing-0 >> Content-Type: application/json; charset=utf-8
2019-04-01 14:04:18,544 DEBUG [Forwarding clickElement on session 1787d9bd2b91e315a1709361c055afb4 to remote] headers:136 - http-outgoing-0 >> Content-Length: 29
2019-04-01 14:04:18,544 DEBUG [Forwarding clickElement on session 1787d9bd2b91e315a1709361c055afb4 to remote] headers:136 - http-outgoing-0 >> Host: localhost:11613
2019-04-01 14:04:18,545 DEBUG [Forwarding clickElement on session 1787d9bd2b91e315a1709361c055afb4 to remote] headers:136 - http-outgoing-0 >> Connection: Keep-Alive
2019-04-01 14:04:18,546 DEBUG [Forwarding clickElement on session 1787d9bd2b91e315a1709361c055afb4 to remote] headers:136 - http-outgoing-0 >> User-Agent: Apache-HttpClient/4.5.3 (Java/10.0.2)
2019-04-01 14:04:18,549 DEBUG [Forwarding clickElement on session 1787d9bd2b91e315a1709361c055afb4 to remote] headers:136 - http-outgoing-0 >> Accept-Encoding: gzip,deflate
2019-04-01 14:04:18,562 DEBUG [Forwarding clickElement on session 1787d9bd2b91e315a1709361c055afb4 to remote] wire:73 - http-outgoing-0 >> "POST /session/1787d9bd2b91e315a1709361c055afb4/element/0.7117862636164944-1/click HTTP/1.1[\r][\n]"
2019-04-01 14:04:18,568 DEBUG [Forwarding clickElement on session 1787d9bd2b91e315a1709361c055afb4 to remote] wire:73 - http-outgoing-0 >> "Content-Type: application/json; charset=utf-8[\r][\n]"
2019-04-01 14:04:18,570 DEBUG [Forwarding clickElement on session 1787d9bd2b91e315a1709361c055afb4 to remote] wire:73 - http-outgoing-0 >> "Content-Length: 29[\r][\n]"
2019-04-01 14:04:18,571 DEBUG [Forwarding clickElement on session 1787d9bd2b91e315a1709361c055afb4 to remote] wire:73 - http-outgoing-0 >> "Host: localhost:11613[\r][\n]"
2019-04-01 14:04:18,574 DEBUG [Forwarding clickElement on session 1787d9bd2b91e315a1709361c055afb4 to remote] wire:73 - http-outgoing-0 >> "Connection: Keep-Alive[\r][\n]"
2019-04-01 14:04:18,575 DEBUG [Forwarding clickElement on session 1787d9bd2b91e315a1709361c055afb4 to remote] wire:73 - http-outgoing-0 >> "User-Agent: Apache-HttpClient/4.5.3 (Java/10.0.2)[\r][\n]"
2019-04-01 14:04:18,576 DEBUG [Forwarding clickElement on session 1787d9bd2b91e315a1709361c055afb4 to remote] wire:73 - http-outgoing-0 >> "Accept-Encoding: gzip,deflate[\r][\n]"
2019-04-01 14:04:18,577 DEBUG [Forwarding clickElement on session 1787d9bd2b91e315a1709361c055afb4 to remote] wire:73 - http-outgoing-0 >> "[\r][\n]"
2019-04-01 14:04:18,578 DEBUG [Forwarding clickElement on session 1787d9bd2b91e315a1709361c055afb4 to remote] wire:87 - http-outgoing-0 >> "{"id":"0.7117862636164944-1"}"
2019-04-01 14:04:19,506 DEBUG [Forwarding clickElement on session 1787d9bd2b91e315a1709361c055afb4 to remote] wire:73 - http-outgoing-0 << "HTTP/1.1 200 OK[\r][\n]"
2019-04-01 14:04:19,507 DEBUG [Forwarding clickElement on session 1787d9bd2b91e315a1709361c055afb4 to remote] wire:73 - http-outgoing-0 << "Content-Length:72[\r][\n]"
2019-04-01 14:04:19,509 DEBUG [Forwarding clickElement on session 1787d9bd2b91e315a1709361c055afb4 to remote] wire:73 - http-outgoing-0 << "Content-Type:application/json; charset=utf-8[\r][\n]"
2019-04-01 14:04:19,510 DEBUG [Forwarding clickElement on session 1787d9bd2b91e315a1709361c055afb4 to remote] wire:73 - http-outgoing-0 << "[\r][\n]"
2019-04-01 14:04:19,511 DEBUG [Forwarding clickElement on session 1787d9bd2b91e315a1709361c055afb4 to remote] wire:87 - http-outgoing-0 << "{"sessionId":"1787d9bd2b91e315a1709361c055afb4","status":0,"value":null}"
2019-04-01 14:04:19,512 DEBUG [Forwarding clickElement on session 1787d9bd2b91e315a1709361c055afb4 to remote] headers:122 - http-outgoing-0 << HTTP/1.1 200 OK
2019-04-01 14:04:19,512 DEBUG [Forwarding clickElement on session 1787d9bd2b91e315a1709361c055afb4 to remote] headers:125 - http-outgoing-0 << Content-Length:72
2019-04-01 14:04:19,512 DEBUG [Forwarding clickElement on session 1787d9bd2b91e315a1709361c055afb4 to remote] headers:125 - http-outgoing-0 << Content-Type:application/json; charset=utf-8
2019-04-01 14:04:19,513 DEBUG [Forwarding clickElement on session 1787d9bd2b91e315a1709361c055afb4 to remote] MainClientExec:285 - Connection can be kept alive indefinitely
2019-04-01 14:04:19,514 DEBUG [Forwarding clickElement on session 1787d9bd2b91e315a1709361c055afb4 to remote] PoolingHttpClientConnectionManager:320 - Connection [id: 0][route: {}->http://localhost:11613] can be kept alive indefinitely
2019-04-01 14:04:19,514 DEBUG [Forwarding clickElement on session 1787d9bd2b91e315a1709361c055afb4 to remote] PoolingHttpClientConnectionManager:326 - Connection released: [id: 0][route: {}->http://localhost:11613][total kept alive: 1; route allocated: 1 of 2000; total allocated: 1 of 2000]
2019-04-01 14:04:19,517 DEBUG [Forwarding setTimeout on session 1787d9bd2b91e315a1709361c055afb4 to remote] RequestAddCookies:123 - CookieSpec selected: default
2019-04-01 14:04:19,518 DEBUG [Forwarding setTimeout on session 1787d9bd2b91e315a1709361c055afb4 to remote] RequestAuthCache:77 - Auth cache not set in the context
2019-04-01 14:04:19,518 DEBUG [Forwarding setTimeout on session 1787d9bd2b91e315a1709361c055afb4 to remote] PoolingHttpClientConnectionManager:255 - Connection request: [route: {}->http://localhost:11613][total kept alive: 1; route allocated: 1 of 2000; total allocated: 1 of 2000]
2019-04-01 14:04:19,519 DEBUG [Forwarding setTimeout on session 1787d9bd2b91e315a1709361c055afb4 to remote] PoolingHttpClientConnectionManager:288 - Connection leased: [id: 0][route: {}->http://localhost:11613][total kept alive: 0; route allocated: 1 of 2000; total allocated: 1 of 2000]
2019-04-01 14:04:19,519 DEBUG [Forwarding setTimeout on session 1787d9bd2b91e315a1709361c055afb4 to remote] MainClientExec:208 - Stale connection check
2019-04-01 14:04:19,521 DEBUG [Forwarding setTimeout on session 1787d9bd2b91e315a1709361c055afb4 to remote] wire:87 - http-outgoing-0 << "[read] I/O error: Read timed out"
2019-04-01 14:04:19,521 DEBUG [Forwarding setTimeout on session 1787d9bd2b91e315a1709361c055afb4 to remote] DefaultManagedHttpClientConnection:88 - http-outgoing-0: set socket timeout to 10800000
2019-04-01 14:04:19,522 DEBUG [Forwarding setTimeout on session 1787d9bd2b91e315a1709361c055afb4 to remote] MainClientExec:256 - Executing request POST /session/1787d9bd2b91e315a1709361c055afb4/timeouts HTTP/1.1
2019-04-01 14:04:19,522 DEBUG [Forwarding setTimeout on session 1787d9bd2b91e315a1709361c055afb4 to remote] MainClientExec:261 - Target auth state: UNCHALLENGED
2019-04-01 14:04:19,523 DEBUG [Forwarding setTimeout on session 1787d9bd2b91e315a1709361c055afb4 to remote] MainClientExec:267 - Proxy auth state: UNCHALLENGED
2019-04-01 14:04:19,523 DEBUG [Forwarding setTimeout on session 1787d9bd2b91e315a1709361c055afb4 to remote] headers:133 - http-outgoing-0 >> POST /session/1787d9bd2b91e315a1709361c055afb4/timeouts HTTP/1.1
2019-04-01 14:04:19,524 DEBUG [Forwarding setTimeout on session 1787d9bd2b91e315a1709361c055afb4 to remote] headers:136 - http-outgoing-0 >> Content-Type: application/json; charset=utf-8
2019-04-01 14:04:19,525 DEBUG [Forwarding setTimeout on session 1787d9bd2b91e315a1709361c055afb4 to remote] headers:136 - http-outgoing-0 >> Content-Length: 29
2019-04-01 14:04:19,525 DEBUG [Forwarding setTimeout on session 1787d9bd2b91e315a1709361c055afb4 to remote] headers:136 - http-outgoing-0 >> Host: localhost:11613
2019-04-01 14:04:19,525 DEBUG [Forwarding setTimeout on session 1787d9bd2b91e315a1709361c055afb4 to remote] headers:136 - http-outgoing-0 >> Connection: Keep-Alive
2019-04-01 14:04:19,526 DEBUG [Forwarding setTimeout on session 1787d9bd2b91e315a1709361c055afb4 to remote] headers:136 - http-outgoing-0 >> User-Agent: Apache-HttpClient/4.5.3 (Java/10.0.2)
2019-04-01 14:04:19,526 DEBUG [Forwarding setTimeout on session 1787d9bd2b91e315a1709361c055afb4 to remote] headers:136 - http-outgoing-0 >> Accept-Encoding: gzip,deflate
2019-04-01 14:04:19,527 DEBUG [Forwarding setTimeout on session 1787d9bd2b91e315a1709361c055afb4 to remote] wire:73 - http-outgoing-0 >> "POST /session/1787d9bd2b91e315a1709361c055afb4/timeouts HTTP/1.1[\r][\n]"
2019-04-01 14:04:19,527 DEBUG [Forwarding setTimeout on session 1787d9bd2b91e315a1709361c055afb4 to remote] wire:73 - http-outgoing-0 >> "Content-Type: application/json; charset=utf-8[\r][\n]"
2019-04-01 14:04:19,527 DEBUG [Forwarding setTimeout on session 1787d9bd2b91e315a1709361c055afb4 to remote] wire:73 - http-outgoing-0 >> "Content-Length: 29[\r][\n]"
2019-04-01 14:04:19,528 DEBUG [Forwarding setTimeout on session 1787d9bd2b91e315a1709361c055afb4 to remote] wire:73 - http-outgoing-0 >> "Host: localhost:11613[\r][\n]"
2019-04-01 14:04:19,528 DEBUG [Forwarding setTimeout on session 1787d9bd2b91e315a1709361c055afb4 to remote] wire:73 - http-outgoing-0 >> "Connection: Keep-Alive[\r][\n]"
2019-04-01 14:04:19,529 DEBUG [Forwarding setTimeout on session 1787d9bd2b91e315a1709361c055afb4 to remote] wire:73 - http-outgoing-0 >> "User-Agent: Apache-HttpClient/4.5.3 (Java/10.0.2)[\r][\n]"
2019-04-01 14:04:19,529 DEBUG [Forwarding setTimeout on session 1787d9bd2b91e315a1709361c055afb4 to remote] wire:73 - http-outgoing-0 >> "Accept-Encoding: gzip,deflate[\r][\n]"
2019-04-01 14:04:19,529 DEBUG [Forwarding setTimeout on session 1787d9bd2b91e315a1709361c055afb4 to remote] wire:73 - http-outgoing-0 >> "[\r][\n]"
2019-04-01 14:04:19,530 DEBUG [Forwarding setTimeout on session 1787d9bd2b91e315a1709361c055afb4 to remote] wire:87 - http-outgoing-0 >> "{"type":"implicit","ms":3000}"
2019-04-01 14:04:19,532 DEBUG [Forwarding setTimeout on session 1787d9bd2b91e315a1709361c055afb4 to remote] wire:73 - http-outgoing-0 << "HTTP/1.1 200 OK[\r][\n]"
2019-04-01 14:04:19,533 DEBUG [Forwarding setTimeout on session 1787d9bd2b91e315a1709361c055afb4 to remote] wire:73 - http-outgoing-0 << "Content-Length:72[\r][\n]"
2019-04-01 14:04:19,533 DEBUG [Forwarding setTimeout on session 1787d9bd2b91e315a1709361c055afb4 to remote] wire:73 - http-outgoing-0 << "Content-Type:application/json; charset=utf-8[\r][\n]"
2019-04-01 14:04:19,534 DEBUG [Forwarding setTimeout on session 1787d9bd2b91e315a1709361c055afb4 to remote] wire:73 - http-outgoing-0 << "[\r][\n]"
2019-04-01 14:04:19,534 DEBUG [Forwarding setTimeout on session 1787d9bd2b91e315a1709361c055afb4 to remote] wire:87 - http-outgoing-0 << "{"sessionId":"1787d9bd2b91e315a1709361c055afb4","status":0,"value":null}"
2019-04-01 14:04:19,535 DEBUG [Forwarding setTimeout on session 1787d9bd2b91e315a1709361c055afb4 to remote] headers:122 - http-outgoing-0 << HTTP/1.1 200 OK
2019-04-01 14:04:19,535 DEBUG [Forwarding setTimeout on session 1787d9bd2b91e315a1709361c055afb4 to remote] headers:125 - http-outgoing-0 << Content-Length:72
2019-04-01 14:04:19,536 DEBUG [Forwarding setTimeout on session 1787d9bd2b91e315a1709361c055afb4 to remote] headers:125 - http-outgoing-0 << Content-Type:application/json; charset=utf-8
2019-04-01 14:04:19,536 DEBUG [Forwarding setTimeout on session 1787d9bd2b91e315a1709361c055afb4 to remote] MainClientExec:285 - Connection can be kept alive indefinitely
2019-04-01 14:04:19,537 DEBUG [Forwarding setTimeout on session 1787d9bd2b91e315a1709361c055afb4 to remote] PoolingHttpClientConnectionManager:320 - Connection [id: 0][route: {}->http://localhost:11613] can be kept alive indefinitely
2019-04-01 14:04:19,537 DEBUG [Forwarding setTimeout on session 1787d9bd2b91e315a1709361c055afb4 to remote] PoolingHttpClientConnectionManager:326 - Connection released: [id: 0][route: {}->http://localhost:11613][total kept alive: 1; route allocated: 1 of 2000; total allocated: 1 of 2000]
2019-04-01 14:04:19,541 DEBUG [Forwarding findElement on session 1787d9bd2b91e315a1709361c055afb4 to remote] RequestAddCookies:123 - CookieSpec selected: default
2019-04-01 14:04:19,542 DEBUG [Forwarding findElement on session 1787d9bd2b91e315a1709361c055afb4 to remote] RequestAuthCache:77 - Auth cache not set in the context
2019-04-01 14:04:19,542 DEBUG [Forwarding findElement on session 1787d9bd2b91e315a1709361c055afb4 to remote] PoolingHttpClientConnectionManager:255 - Connection request: [route: {}->http://localhost:11613][total kept alive: 1; route allocated: 1 of 2000; total allocated: 1 of 2000]
2019-04-01 14:04:19,543 DEBUG [Forwarding findElement on session 1787d9bd2b91e315a1709361c055afb4 to remote] PoolingHttpClientConnectionManager:288 - Connection leased: [id: 0][route: {}->http://localhost:11613][total kept alive: 0; route allocated: 1 of 2000; total allocated: 1 of 2000]
2019-04-01 14:04:19,543 DEBUG [Forwarding findElement on session 1787d9bd2b91e315a1709361c055afb4 to remote] MainClientExec:208 - Stale connection check
2019-04-01 14:04:19,546 DEBUG [Forwarding findElement on session 1787d9bd2b91e315a1709361c055afb4 to remote] wire:87 - http-outgoing-0 << "[read] I/O error: Read timed out"
2019-04-01 14:04:19,546 DEBUG [Forwarding findElement on session 1787d9bd2b91e315a1709361c055afb4 to remote] DefaultManagedHttpClientConnection:88 - http-outgoing-0: set socket timeout to 10800000
2019-04-01 14:04:19,547 DEBUG [Forwarding findElement on session 1787d9bd2b91e315a1709361c055afb4 to remote] MainClientExec:256 - Executing request POST /session/1787d9bd2b91e315a1709361c055afb4/element HTTP/1.1
2019-04-01 14:04:19,548 DEBUG [Forwarding findElement on session 1787d9bd2b91e315a1709361c055afb4 to remote] MainClientExec:261 - Target auth state: UNCHALLENGED
2019-04-01 14:04:19,548 DEBUG [Forwarding findElement on session 1787d9bd2b91e315a1709361c055afb4 to remote] MainClientExec:267 - Proxy auth state: UNCHALLENGED
2019-04-01 14:04:19,549 DEBUG [Forwarding findElement on session 1787d9bd2b91e315a1709361c055afb4 to remote] headers:133 - http-outgoing-0 >> POST /session/1787d9bd2b91e315a1709361c055afb4/element HTTP/1.1
2019-04-01 14:04:19,549 DEBUG [Forwarding findElement on session 1787d9bd2b91e315a1709361c055afb4 to remote] headers:136 - http-outgoing-0 >> Content-Type: application/json; charset=utf-8
2019-04-01 14:04:19,550 DEBUG [Forwarding findElement on session 1787d9bd2b91e315a1709361c055afb4 to remote] headers:136 - http-outgoing-0 >> Content-Length: 50
2019-04-01 14:04:19,550 DEBUG [Forwarding findElement on session 1787d9bd2b91e315a1709361c055afb4 to remote] headers:136 - http-outgoing-0 >> Host: localhost:11613
2019-04-01 14:04:19,550 DEBUG [Forwarding findElement on session 1787d9bd2b91e315a1709361c055afb4 to remote] headers:136 - http-outgoing-0 >> Connection: Keep-Alive
2019-04-01 14:04:19,551 DEBUG [Forwarding findElement on session 1787d9bd2b91e315a1709361c055afb4 to remote] headers:136 - http-outgoing-0 >> User-Agent: Apache-HttpClient/4.5.3 (Java/10.0.2)
2019-04-01 14:04:19,551 DEBUG [Forwarding findElement on session 1787d9bd2b91e315a1709361c055afb4 to remote] headers:136 - http-outgoing-0 >> Accept-Encoding: gzip,deflate
2019-04-01 14:04:19,551 DEBUG [Forwarding findElement on session 1787d9bd2b91e315a1709361c055afb4 to remote] wire:73 - http-outgoing-0 >> "POST /session/1787d9bd2b91e315a1709361c055afb4/element HTTP/1.1[\r][\n]"
2019-04-01 14:04:19,552 DEBUG [Forwarding findElement on session 1787d9bd2b91e315a1709361c055afb4 to remote] wire:73 - http-outgoing-0 >> "Content-Type: application/json; charset=utf-8[\r][\n]"
2019-04-01 14:04:19,552 DEBUG [Forwarding findElement on session 1787d9bd2b91e315a1709361c055afb4 to remote] wire:73 - http-outgoing-0 >> "Content-Length: 50[\r][\n]"
2019-04-01 14:04:19,553 DEBUG [Forwarding findElement on session 1787d9bd2b91e315a1709361c055afb4 to remote] wire:73 - http-outgoing-0 >> "Host: localhost:11613[\r][\n]"
2019-04-01 14:04:19,553 DEBUG [Forwarding findElement on session 1787d9bd2b91e315a1709361c055afb4 to remote] wire:73 - http-outgoing-0 >> "Connection: Keep-Alive[\r][\n]"
2019-04-01 14:04:19,553 DEBUG [Forwarding findElement on session 1787d9bd2b91e315a1709361c055afb4 to remote] wire:73 - http-outgoing-0 >> "User-Agent: Apache-HttpClient/4.5.3 (Java/10.0.2)[\r][\n]"
2019-04-01 14:04:19,554 DEBUG [Forwarding findElement on session 1787d9bd2b91e315a1709361c055afb4 to remote] wire:73 - http-outgoing-0 >> "Accept-Encoding: gzip,deflate[\r][\n]"
2019-04-01 14:04:19,554 DEBUG [Forwarding findElement on session 1787d9bd2b91e315a1709361c055afb4 to remote] wire:73 - http-outgoing-0 >> "[\r][\n]"
2019-04-01 14:04:19,555 DEBUG [Forwarding findElement on session 1787d9bd2b91e315a1709361c055afb4 to remote] wire:87 - http-outgoing-0 >> "{"using":"xpath","value":"//input[@type='email']"}"
2019-04-01 14:04:21,039 DEBUG [Forwarding findElement on session 1787d9bd2b91e315a1709361c055afb4 to remote] wire:73 - http-outgoing-0 << "HTTP/1.1 200 OK[\r][\n]"
2019-04-01 14:04:21,041 DEBUG [Forwarding findElement on session 1787d9bd2b91e315a1709361c055afb4 to remote] wire:73 - http-outgoing-0 << "Content-Length:102[\r][\n]"
2019-04-01 14:04:21,043 DEBUG [Forwarding findElement on session 1787d9bd2b91e315a1709361c055afb4 to remote] wire:73 - http-outgoing-0 << "Content-Type:application/json; charset=utf-8[\r][\n]"
2019-04-01 14:04:21,044 DEBUG [Forwarding findElement on session 1787d9bd2b91e315a1709361c055afb4 to remote] wire:73 - http-outgoing-0 << "[\r][\n]"
2019-04-01 14:04:21,044 DEBUG [Forwarding findElement on session 1787d9bd2b91e315a1709361c055afb4 to remote] wire:87 - http-outgoing-0 << "{"sessionId":"1787d9bd2b91e315a1709361c055afb4","status":0,"value":{"ELEMENT":"0.5223454975143809-1"}}"
2019-04-01 14:04:21,046 DEBUG [Forwarding findElement on session 1787d9bd2b91e315a1709361c055afb4 to remote] headers:122 - http-outgoing-0 << HTTP/1.1 200 OK
2019-04-01 14:04:21,047 DEBUG [Forwarding findElement on session 1787d9bd2b91e315a1709361c055afb4 to remote] headers:125 - http-outgoing-0 << Content-Length:102
2019-04-01 14:04:21,048 DEBUG [Forwarding findElement on session 1787d9bd2b91e315a1709361c055afb4 to remote] headers:125 - http-outgoing-0 << Content-Type:application/json; charset=utf-8
2019-04-01 14:04:21,048 DEBUG [Forwarding findElement on session 1787d9bd2b91e315a1709361c055afb4 to remote] MainClientExec:285 - Connection can be kept alive indefinitely
2019-04-01 14:04:21,050 DEBUG [Forwarding findElement on session 1787d9bd2b91e315a1709361c055afb4 to remote] PoolingHttpClientConnectionManager:320 - Connection [id: 0][route: {}->http://localhost:11613] can be kept alive indefinitely
2019-04-01 14:04:21,051 DEBUG [Forwarding findElement on session 1787d9bd2b91e315a1709361c055afb4 to remote] PoolingHttpClientConnectionManager:326 - Connection released: [id: 0][route: {}->http://localhost:11613][total kept alive: 1; route allocated: 1 of 2000; total allocated: 1 of 2000]
2019-04-01 14:04:21,054 DEBUG [Forwarding sendKeysToElement on session 1787d9bd2b91e315a1709361c055afb4 to remote] RequestAddCookies:123 - CookieSpec selected: default
2019-04-01 14:04:21,055 DEBUG [Forwarding sendKeysToElement on session 1787d9bd2b91e315a1709361c055afb4 to remote] RequestAuthCache:77 - Auth cache not set in the context
2019-04-01 14:04:21,056 DEBUG [Forwarding sendKeysToElement on session 1787d9bd2b91e315a1709361c055afb4 to remote] PoolingHttpClientConnectionManager:255 - Connection request: [route: {}->http://localhost:11613][total kept alive: 1; route allocated: 1 of 2000; total allocated: 1 of 2000]
2019-04-01 14:04:21,057 DEBUG [Forwarding sendKeysToElement on session 1787d9bd2b91e315a1709361c055afb4 to remote] PoolingHttpClientConnectionManager:288 - Connection leased: [id: 0][route: {}->http://localhost:11613][total kept alive: 0; route allocated: 1 of 2000; total allocated: 1 of 2000]
2019-04-01 14:04:21,058 DEBUG [Forwarding sendKeysToElement on session 1787d9bd2b91e315a1709361c055afb4 to remote] MainClientExec:208 - Stale connection check
2019-04-01 14:04:21,060 DEBUG [Forwarding sendKeysToElement on session 1787d9bd2b91e315a1709361c055afb4 to remote] wire:87 - http-outgoing-0 << "[read] I/O error: Read timed out"
2019-04-01 14:04:21,061 DEBUG [Forwarding sendKeysToElement on session 1787d9bd2b91e315a1709361c055afb4 to remote] DefaultManagedHttpClientConnection:88 - http-outgoing-0: set socket timeout to 10800000
2019-04-01 14:04:21,062 DEBUG [Forwarding sendKeysToElement on session 1787d9bd2b91e315a1709361c055afb4 to remote] MainClientExec:256 - Executing request POST /session/1787d9bd2b91e315a1709361c055afb4/element/0.5223454975143809-1/value HTTP/1.1
2019-04-01 14:04:21,063 DEBUG [Forwarding sendKeysToElement on session 1787d9bd2b91e315a1709361c055afb4 to remote] MainClientExec:261 - Target auth state: UNCHALLENGED
2019-04-01 14:04:21,064 DEBUG [Forwarding sendKeysToElement on session 1787d9bd2b91e315a1709361c055afb4 to remote] MainClientExec:267 - Proxy auth state: UNCHALLENGED
2019-04-01 14:04:21,064 DEBUG [Forwarding sendKeysToElement on session 1787d9bd2b91e315a1709361c055afb4 to remote] headers:133 - http-outgoing-0 >> POST /session/1787d9bd2b91e315a1709361c055afb4/element/0.5223454975143809-1/value HTTP/1.1
2019-04-01 14:04:21,066 DEBUG [Forwarding sendKeysToElement on session 1787d9bd2b91e315a1709361c055afb4 to remote] headers:136 - http-outgoing-0 >> Content-Type: application/json; charset=utf-8
2019-04-01 14:04:21,066 DEBUG [Forwarding sendKeysToElement on session 1787d9bd2b91e315a1709361c055afb4 to remote] headers:136 - http-outgoing-0 >> Content-Length: 66
2019-04-01 14:04:21,067 DEBUG [Forwarding sendKeysToElement on session 1787d9bd2b91e315a1709361c055afb4 to remote] headers:136 - http-outgoing-0 >> Host: localhost:11613
2019-04-01 14:04:21,068 DEBUG [Forwarding sendKeysToElement on session 1787d9bd2b91e315a1709361c055afb4 to remote] headers:136 - http-outgoing-0 >> Connection: Keep-Alive
2019-04-01 14:04:21,070 DEBUG [Forwarding sendKeysToElement on session 1787d9bd2b91e315a1709361c055afb4 to remote] headers:136 - http-outgoing-0 >> User-Agent: Apache-HttpClient/4.5.3 (Java/10.0.2)
2019-04-01 14:04:21,071 DEBUG [Forwarding sendKeysToElement on session 1787d9bd2b91e315a1709361c055afb4 to remote] headers:136 - http-outgoing-0 >> Accept-Encoding: gzip,deflate
2019-04-01 14:04:21,072 DEBUG [Forwarding sendKeysToElement on session 1787d9bd2b91e315a1709361c055afb4 to remote] wire:73 - http-outgoing-0 >> "POST /session/1787d9bd2b91e315a1709361c055afb4/element/0.5223454975143809-1/value HTTP/1.1[\r][\n]"
2019-04-01 14:04:21,073 DEBUG [Forwarding sendKeysToElement on session 1787d9bd2b91e315a1709361c055afb4 to remote] wire:73 - http-outgoing-0 >> "Content-Type: application/json; charset=utf-8[\r][\n]"
2019-04-01 14:04:21,074 DEBUG [Forwarding sendKeysToElement on session 1787d9bd2b91e315a1709361c055afb4 to remote] wire:73 - http-outgoing-0 >> "Content-Length: 66[\r][\n]"
2019-04-01 14:04:21,075 DEBUG [Forwarding sendKeysToElement on session 1787d9bd2b91e315a1709361c055afb4 to remote] wire:73 - http-outgoing-0 >> "Host: localhost:11613[\r][\n]"
2019-04-01 14:04:21,076 DEBUG [Forwarding sendKeysToElement on session 1787d9bd2b91e315a1709361c055afb4 to remote] wire:73 - http-outgoing-0 >> "Connection: Keep-Alive[\r][\n]"
2019-04-01 14:04:21,077 DEBUG [Forwarding sendKeysToElement on session 1787d9bd2b91e315a1709361c055afb4 to remote] wire:73 - http-outgoing-0 >> "User-Agent: Apache-HttpClient/4.5.3 (Java/10.0.2)[\r][\n]"
2019-04-01 14:04:21,078 DEBUG [Forwarding sendKeysToElement on session 1787d9bd2b91e315a1709361c055afb4 to remote] wire:73 - http-outgoing-0 >> "Accept-Encoding: gzip,deflate[\r][\n]"
2019-04-01 14:04:21,079 DEBUG [Forwarding sendKeysToElement on session 1787d9bd2b91e315a1709361c055afb4 to remote] wire:73 - http-outgoing-0 >> "[\r][\n]"
2019-04-01 14:04:21,080 DEBUG [Forwarding sendKeysToElement on session 1787d9bd2b91e315a1709361c055afb4 to remote] wire:87 - http-outgoing-0 >> "{"id":"0.5223454975143809-1","value":["prashant.ranjan@zipgo.in"]}"
2019-04-01 14:04:21,581 DEBUG [Forwarding sendKeysToElement on session 1787d9bd2b91e315a1709361c055afb4 to remote] wire:73 - http-outgoing-0 << "HTTP/1.1 200 OK[\r][\n]"
2019-04-01 14:04:21,582 DEBUG [Forwarding sendKeysToElement on session 1787d9bd2b91e315a1709361c055afb4 to remote] wire:73 - http-outgoing-0 << "Content-Length:72[\r][\n]"
2019-04-01 14:04:21,583 DEBUG [Forwarding sendKeysToElement on session 1787d9bd2b91e315a1709361c055afb4 to remote] wire:73 - http-outgoing-0 << "Content-Type:application/json; charset=utf-8[\r][\n]"
2019-04-01 14:04:21,584 DEBUG [Forwarding sendKeysToElement on session 1787d9bd2b91e315a1709361c055afb4 to remote] wire:73 - http-outgoing-0 << "[\r][\n]"
2019-04-01 14:04:21,585 DEBUG [Forwarding sendKeysToElement on session 1787d9bd2b91e315a1709361c055afb4 to remote] wire:87 - http-outgoing-0 << "{"sessionId":"1787d9bd2b91e315a1709361c055afb4","status":0,"value":null}"
2019-04-01 14:04:21,586 DEBUG [Forwarding sendKeysToElement on session 1787d9bd2b91e315a1709361c055afb4 to remote] headers:122 - http-outgoing-0 << HTTP/1.1 200 OK
2019-04-01 14:04:21,587 DEBUG [Forwarding sendKeysToElement on session 1787d9bd2b91e315a1709361c055afb4 to remote] headers:125 - http-outgoing-0 << Content-Length:72
2019-04-01 14:04:21,588 DEBUG [Forwarding sendKeysToElement on session 1787d9bd2b91e315a1709361c055afb4 to remote] headers:125 - http-outgoing-0 << Content-Type:application/json; charset=utf-8
2019-04-01 14:04:21,589 DEBUG [Forwarding sendKeysToElement on session 1787d9bd2b91e315a1709361c055afb4 to remote] MainClientExec:285 - Connection can be kept alive indefinitely
2019-04-01 14:04:21,590 DEBUG [Forwarding sendKeysToElement on session 1787d9bd2b91e315a1709361c055afb4 to remote] PoolingHttpClientConnectionManager:320 - Connection [id: 0][route: {}->http://localhost:11613] can be kept alive indefinitely
2019-04-01 14:04:21,591 DEBUG [Forwarding sendKeysToElement on session 1787d9bd2b91e315a1709361c055afb4 to remote] PoolingHttpClientConnectionManager:326 - Connection released: [id: 0][route: {}->http://localhost:11613][total kept alive: 1; route allocated: 1 of 2000; total allocated: 1 of 2000]
2019-04-01 14:04:21,593 DEBUG [Forwarding findElement on session 1787d9bd2b91e315a1709361c055afb4 to remote] RequestAddCookies:123 - CookieSpec selected: default
2019-04-01 14:04:21,594 DEBUG [Forwarding findElement on session 1787d9bd2b91e315a1709361c055afb4 to remote] RequestAuthCache:77 - Auth cache not set in the context
2019-04-01 14:04:21,595 DEBUG [Forwarding findElement on session 1787d9bd2b91e315a1709361c055afb4 to remote] PoolingHttpClientConnectionManager:255 - Connection request: [route: {}->http://localhost:11613][total kept alive: 1; route allocated: 1 of 2000; total allocated: 1 of 2000]
2019-04-01 14:04:21,596 DEBUG [Forwarding findElement on session 1787d9bd2b91e315a1709361c055afb4 to remote] PoolingHttpClientConnectionManager:288 - Connection leased: [id: 0][route: {}->http://localhost:11613][total kept alive: 0; route allocated: 1 of 2000; total allocated: 1 of 2000]
2019-04-01 14:04:21,597 DEBUG [Forwarding findElement on session 1787d9bd2b91e315a1709361c055afb4 to remote] MainClientExec:208 - Stale connection check
2019-04-01 14:04:21,599 DEBUG [Forwarding findElement on session 1787d9bd2b91e315a1709361c055afb4 to remote] wire:87 - http-outgoing-0 << "[read] I/O error: Read timed out"
2019-04-01 14:04:21,600 DEBUG [Forwarding findElement on session 1787d9bd2b91e315a1709361c055afb4 to remote] DefaultManagedHttpClientConnection:88 - http-outgoing-0: set socket timeout to 10800000
2019-04-01 14:04:21,601 DEBUG [Forwarding findElement on session 1787d9bd2b91e315a1709361c055afb4 to remote] MainClientExec:256 - Executing request POST /session/1787d9bd2b91e315a1709361c055afb4/element HTTP/1.1
2019-04-01 14:04:21,602 DEBUG [Forwarding findElement on session 1787d9bd2b91e315a1709361c055afb4 to remote] MainClientExec:261 - Target auth state: UNCHALLENGED
2019-04-01 14:04:21,602 DEBUG [Forwarding findElement on session 1787d9bd2b91e315a1709361c055afb4 to remote] MainClientExec:267 - Proxy auth state: UNCHALLENGED
2019-04-01 14:04:21,603 DEBUG [Forwarding findElement on session 1787d9bd2b91e315a1709361c055afb4 to remote] headers:133 - http-outgoing-0 >> POST /session/1787d9bd2b91e315a1709361c055afb4/element HTTP/1.1
2019-04-01 14:04:21,604 DEBUG [Forwarding findElement on session 1787d9bd2b91e315a1709361c055afb4 to remote] headers:136 - http-outgoing-0 >> Content-Type: application/json; charset=utf-8
2019-04-01 14:04:21,605 DEBUG [Forwarding findElement on session 1787d9bd2b91e315a1709361c055afb4 to remote] headers:136 - http-outgoing-0 >> Content-Length: 60
2019-04-01 14:04:21,606 DEBUG [Forwarding findElement on session 1787d9bd2b91e315a1709361c055afb4 to remote] headers:136 - http-outgoing-0 >> Host: localhost:11613
2019-04-01 14:04:21,607 DEBUG [Forwarding findElement on session 1787d9bd2b91e315a1709361c055afb4 to remote] headers:136 - http-outgoing-0 >> Connection: Keep-Alive
2019-04-01 14:04:21,608 DEBUG [Forwarding findElement on session 1787d9bd2b91e315a1709361c055afb4 to remote] headers:136 - http-outgoing-0 >> User-Agent: Apache-HttpClient/4.5.3 (Java/10.0.2)
2019-04-01 14:04:21,609 DEBUG [Forwarding findElement on session 1787d9bd2b91e315a1709361c055afb4 to remote] headers:136 - http-outgoing-0 >> Accept-Encoding: gzip,deflate
2019-04-01 14:04:21,610 DEBUG [Forwarding findElement on session 1787d9bd2b91e315a1709361c055afb4 to remote] wire:73 - http-outgoing-0 >> "POST /session/1787d9bd2b91e315a1709361c055afb4/element HTTP/1.1[\r][\n]"
2019-04-01 14:04:21,611 DEBUG [Forwarding findElement on session 1787d9bd2b91e315a1709361c055afb4 to remote] wire:73 - http-outgoing-0 >> "Content-Type: application/json; charset=utf-8[\r][\n]"
2019-04-01 14:04:21,612 DEBUG [Forwarding findElement on session 1787d9bd2b91e315a1709361c055afb4 to remote] wire:73 - http-outgoing-0 >> "Content-Length: 60[\r][\n]"
2019-04-01 14:04:21,613 DEBUG [Forwarding findElement on session 1787d9bd2b91e315a1709361c055afb4 to remote] wire:73 - http-outgoing-0 >> "Host: localhost:11613[\r][\n]"
2019-04-01 14:04:21,614 DEBUG [Forwarding findElement on session 1787d9bd2b91e315a1709361c055afb4 to remote] wire:73 - http-outgoing-0 >> "Connection: Keep-Alive[\r][\n]"
2019-04-01 14:04:21,614 DEBUG [Forwarding findElement on session 1787d9bd2b91e315a1709361c055afb4 to remote] wire:73 - http-outgoing-0 >> "User-Agent: Apache-HttpClient/4.5.3 (Java/10.0.2)[\r][\n]"
2019-04-01 14:04:21,616 DEBUG [Forwarding findElement on session 1787d9bd2b91e315a1709361c055afb4 to remote] wire:73 - http-outgoing-0 >> "Accept-Encoding: gzip,deflate[\r][\n]"
2019-04-01 14:04:21,617 DEBUG [Forwarding findElement on session 1787d9bd2b91e315a1709361c055afb4 to remote] wire:73 - http-outgoing-0 >> "[\r][\n]"
2019-04-01 14:04:21,618 DEBUG [Forwarding findElement on session 1787d9bd2b91e315a1709361c055afb4 to remote] wire:87 - http-outgoing-0 >> "{"using":"xpath","value":"(//*[@class='RveJvd snByac'])[1]"}"
2019-04-01 14:04:21,631 DEBUG [Forwarding findElement on session 1787d9bd2b91e315a1709361c055afb4 to remote] wire:73 - http-outgoing-0 << "HTTP/1.1 200 OK[\r][\n]"
2019-04-01 14:04:21,631 DEBUG [Forwarding findElement on session 1787d9bd2b91e315a1709361c055afb4 to remote] wire:73 - http-outgoing-0 << "Content-Length:102[\r][\n]"
2019-04-01 14:04:21,633 DEBUG [Forwarding findElement on session 1787d9bd2b91e315a1709361c055afb4 to remote] wire:73 - http-outgoing-0 << "Content-Type:application/json; charset=utf-8[\r][\n]"
2019-04-01 14:04:21,633 DEBUG [Forwarding findElement on session 1787d9bd2b91e315a1709361c055afb4 to remote] wire:73 - http-outgoing-0 << "[\r][\n]"
2019-04-01 14:04:21,635 DEBUG [Forwarding findElement on session 1787d9bd2b91e315a1709361c055afb4 to remote] wire:87 - http-outgoing-0 << "{"sessionId":"1787d9bd2b91e315a1709361c055afb4","status":0,"value":{"ELEMENT":"0.5223454975143809-2"}}"
2019-04-01 14:04:21,635 DEBUG [Forwarding findElement on session 1787d9bd2b91e315a1709361c055afb4 to remote] headers:122 - http-outgoing-0 << HTTP/1.1 200 OK
2019-04-01 14:04:21,636 DEBUG [Forwarding findElement on session 1787d9bd2b91e315a1709361c055afb4 to remote] headers:125 - http-outgoing-0 << Content-Length:102
2019-04-01 14:04:21,637 DEBUG [Forwarding findElement on session 1787d9bd2b91e315a1709361c055afb4 to remote] headers:125 - http-outgoing-0 << Content-Type:application/json; charset=utf-8
2019-04-01 14:04:21,638 DEBUG [Forwarding findElement on session 1787d9bd2b91e315a1709361c055afb4 to remote] MainClientExec:285 - Connection can be kept alive indefinitely
2019-04-01 14:04:21,639 DEBUG [Forwarding findElement on session 1787d9bd2b91e315a1709361c055afb4 to remote] PoolingHttpClientConnectionManager:320 - Connection [id: 0][route: {}->http://localhost:11613] can be kept alive indefinitely
2019-04-01 14:04:21,640 DEBUG [Forwarding findElement on session 1787d9bd2b91e315a1709361c055afb4 to remote] PoolingHttpClientConnectionManager:326 - Connection released: [id: 0][route: {}->http://localhost:11613][total kept alive: 1; route allocated: 1 of 2000; total allocated: 1 of 2000]
2019-04-01 14:04:21,642 DEBUG [Forwarding clickElement on session 1787d9bd2b91e315a1709361c055afb4 to remote] RequestAddCookies:123 - CookieSpec selected: default
2019-04-01 14:04:21,643 DEBUG [Forwarding clickElement on session 1787d9bd2b91e315a1709361c055afb4 to remote] RequestAuthCache:77 - Auth cache not set in the context
2019-04-01 14:04:21,645 DEBUG [Forwarding clickElement on session 1787d9bd2b91e315a1709361c055afb4 to remote] PoolingHttpClientConnectionManager:255 - Connection request: [route: {}->http://localhost:11613][total kept alive: 1; route allocated: 1 of 2000; total allocated: 1 of 2000]
2019-04-01 14:04:21,645 DEBUG [Forwarding clickElement on session 1787d9bd2b91e315a1709361c055afb4 to remote] PoolingHttpClientConnectionManager:288 - Connection leased: [id: 0][route: {}->http://localhost:11613][total kept alive: 0; route allocated: 1 of 2000; total allocated: 1 of 2000]
2019-04-01 14:04:21,647 DEBUG [Forwarding clickElement on session 1787d9bd2b91e315a1709361c055afb4 to remote] MainClientExec:208 - Stale connection check
2019-04-01 14:04:21,649 DEBUG [Forwarding clickElement on session 1787d9bd2b91e315a1709361c055afb4 to remote] wire:87 - http-outgoing-0 << "[read] I/O error: Read timed out"
2019-04-01 14:04:21,650 DEBUG [Forwarding clickElement on session 1787d9bd2b91e315a1709361c055afb4 to remote] DefaultManagedHttpClientConnection:88 - http-outgoing-0: set socket timeout to 10800000
2019-04-01 14:04:21,651 DEBUG [Forwarding clickElement on session 1787d9bd2b91e315a1709361c055afb4 to remote] MainClientExec:256 - Executing request POST /session/1787d9bd2b91e315a1709361c055afb4/element/0.5223454975143809-2/click HTTP/1.1
2019-04-01 14:04:21,652 DEBUG [Forwarding clickElement on session 1787d9bd2b91e315a1709361c055afb4 to remote] MainClientExec:261 - Target auth state: UNCHALLENGED
2019-04-01 14:04:21,653 DEBUG [Forwarding clickElement on session 1787d9bd2b91e315a1709361c055afb4 to remote] MainClientExec:267 - Proxy auth state: UNCHALLENGED
2019-04-01 14:04:21,654 DEBUG [Forwarding clickElement on session 1787d9bd2b91e315a1709361c055afb4 to remote] headers:133 - http-outgoing-0 >> POST /session/1787d9bd2b91e315a1709361c055afb4/element/0.5223454975143809-2/click HTTP/1.1
2019-04-01 14:04:21,655 DEBUG [Forwarding clickElement on session 1787d9bd2b91e315a1709361c055afb4 to remote] headers:136 - http-outgoing-0 >> Content-Type: application/json; charset=utf-8
2019-04-01 14:04:21,656 DEBUG [Forwarding clickElement on session 1787d9bd2b91e315a1709361c055afb4 to remote] headers:136 - http-outgoing-0 >> Content-Length: 29
2019-04-01 14:04:21,657 DEBUG [Forwarding clickElement on session 1787d9bd2b91e315a1709361c055afb4 to remote] headers:136 - http-outgoing-0 >> Host: localhost:11613
2019-04-01 14:04:21,657 DEBUG [Forwarding clickElement on session 1787d9bd2b91e315a1709361c055afb4 to remote] headers:136 - http-outgoing-0 >> Connection: Keep-Alive
2019-04-01 14:04:21,659 DEBUG [Forwarding clickElement on session 1787d9bd2b91e315a1709361c055afb4 to remote] headers:136 - http-outgoing-0 >> User-Agent: Apache-HttpClient/4.5.3 (Java/10.0.2)
2019-04-01 14:04:21,660 DEBUG [Forwarding clickElement on session 1787d9bd2b91e315a1709361c055afb4 to remote] headers:136 - http-outgoing-0 >> Accept-Encoding: gzip,deflate
2019-04-01 14:04:21,661 DEBUG [Forwarding clickElement on session 1787d9bd2b91e315a1709361c055afb4 to remote] wire:73 - http-outgoing-0 >> "POST /session/1787d9bd2b91e315a1709361c055afb4/element/0.5223454975143809-2/click HTTP/1.1[\r][\n]"
2019-04-01 14:04:21,662 DEBUG [Forwarding clickElement on session 1787d9bd2b91e315a1709361c055afb4 to remote] wire:73 - http-outgoing-0 >> "Content-Type: application/json; charset=utf-8[\r][\n]"
2019-04-01 14:04:21,662 DEBUG [Forwarding clickElement on session 1787d9bd2b91e315a1709361c055afb4 to remote] wire:73 - http-outgoing-0 >> "Content-Length: 29[\r][\n]"
2019-04-01 14:04:21,663 DEBUG [Forwarding clickElement on session 1787d9bd2b91e315a1709361c055afb4 to remote] wire:73 - http-outgoing-0 >> "Host: localhost:11613[\r][\n]"
2019-04-01 14:04:21,664 DEBUG [Forwarding clickElement on session 1787d9bd2b91e315a1709361c055afb4 to remote] wire:73 - http-outgoing-0 >> "Connection: Keep-Alive[\r][\n]"
2019-04-01 14:04:21,665 DEBUG [Forwarding clickElement on session 1787d9bd2b91e315a1709361c055afb4 to remote] wire:73 - http-outgoing-0 >> "User-Agent: Apache-HttpClient/4.5.3 (Java/10.0.2)[\r][\n]"
2019-04-01 14:04:21,666 DEBUG [Forwarding clickElement on session 1787d9bd2b91e315a1709361c055afb4 to remote] wire:73 - http-outgoing-0 >> "Accept-Encoding: gzip,deflate[\r][\n]"
2019-04-01 14:04:21,667 DEBUG [Forwarding clickElement on session 1787d9bd2b91e315a1709361c055afb4 to remote] wire:73 - http-outgoing-0 >> "[\r][\n]"
2019-04-01 14:04:21,668 DEBUG [Forwarding clickElement on session 1787d9bd2b91e315a1709361c055afb4 to remote] wire:87 - http-outgoing-0 >> "{"id":"0.5223454975143809-2"}"
2019-04-01 14:04:21,780 DEBUG [Forwarding clickElement on session 1787d9bd2b91e315a1709361c055afb4 to remote] wire:73 - http-outgoing-0 << "HTTP/1.1 200 OK[\r][\n]"
2019-04-01 14:04:21,781 DEBUG [Forwarding clickElement on session 1787d9bd2b91e315a1709361c055afb4 to remote] wire:73 - http-outgoing-0 << "Content-Length:72[\r][\n]"
2019-04-01 14:04:21,782 DEBUG [Forwarding clickElement on session 1787d9bd2b91e315a1709361c055afb4 to remote] wire:73 - http-outgoing-0 << "Content-Type:application/json; charset=utf-8[\r][\n]"
2019-04-01 14:04:21,783 DEBUG [Forwarding clickElement on session 1787d9bd2b91e315a1709361c055afb4 to remote] wire:73 - http-outgoing-0 << "[\r][\n]"
2019-04-01 14:04:21,784 DEBUG [Forwarding clickElement on session 1787d9bd2b91e315a1709361c055afb4 to remote] wire:87 - http-outgoing-0 << "{"sessionId":"1787d9bd2b91e315a1709361c055afb4","status":0,"value":null}"
2019-04-01 14:04:21,785 DEBUG [Forwarding clickElement on session 1787d9bd2b91e315a1709361c055afb4 to remote] headers:122 - http-outgoing-0 << HTTP/1.1 200 OK
2019-04-01 14:04:21,786 DEBUG [Forwarding clickElement on session 1787d9bd2b91e315a1709361c055afb4 to remote] headers:125 - http-outgoing-0 << Content-Length:72
2019-04-01 14:04:21,786 DEBUG [Forwarding clickElement on session 1787d9bd2b91e315a1709361c055afb4 to remote] headers:125 - http-outgoing-0 << Content-Type:application/json; charset=utf-8
2019-04-01 14:04:21,788 DEBUG [Forwarding clickElement on session 1787d9bd2b91e315a1709361c055afb4 to remote] MainClientExec:285 - Connection can be kept alive indefinitely
2019-04-01 14:04:21,789 DEBUG [Forwarding clickElement on session 1787d9bd2b91e315a1709361c055afb4 to remote] PoolingHttpClientConnectionManager:320 - Connection [id: 0][route: {}->http://localhost:11613] can be kept alive indefinitely
2019-04-01 14:04:21,790 DEBUG [Forwarding clickElement on session 1787d9bd2b91e315a1709361c055afb4 to remote] PoolingHttpClientConnectionManager:326 - Connection released: [id: 0][route: {}->http://localhost:11613][total kept alive: 1; route allocated: 1 of 2000; total allocated: 1 of 2000]
2019-04-01 14:04:24,798 DEBUG [Forwarding findElement on session 1787d9bd2b91e315a1709361c055afb4 to remote] RequestAddCookies:123 - CookieSpec selected: default
2019-04-01 14:04:24,799 DEBUG [Forwarding findElement on session 1787d9bd2b91e315a1709361c055afb4 to remote] RequestAuthCache:77 - Auth cache not set in the context
2019-04-01 14:04:24,800 DEBUG [Forwarding findElement on session 1787d9bd2b91e315a1709361c055afb4 to remote] PoolingHttpClientConnectionManager:255 - Connection request: [route: {}->http://localhost:11613][total kept alive: 1; route allocated: 1 of 2000; total allocated: 1 of 2000]
2019-04-01 14:04:24,802 DEBUG [Forwarding findElement on session 1787d9bd2b91e315a1709361c055afb4 to remote] wire:87 - http-outgoing-0 << "[read] I/O error: Read timed out"
2019-04-01 14:04:24,803 DEBUG [Forwarding findElement on session 1787d9bd2b91e315a1709361c055afb4 to remote] PoolingHttpClientConnectionManager:288 - Connection leased: [id: 0][route: {}->http://localhost:11613][total kept alive: 0; route allocated: 1 of 2000; total allocated: 1 of 2000]
2019-04-01 14:04:24,804 DEBUG [Forwarding findElement on session 1787d9bd2b91e315a1709361c055afb4 to remote] MainClientExec:208 - Stale connection check
2019-04-01 14:04:24,808 DEBUG [Forwarding findElement on session 1787d9bd2b91e315a1709361c055afb4 to remote] wire:87 - http-outgoing-0 << "[read] I/O error: Read timed out"
2019-04-01 14:04:24,810 DEBUG [Forwarding findElement on session 1787d9bd2b91e315a1709361c055afb4 to remote] DefaultManagedHttpClientConnection:88 - http-outgoing-0: set socket timeout to 10800000
2019-04-01 14:04:24,812 DEBUG [Forwarding findElement on session 1787d9bd2b91e315a1709361c055afb4 to remote] MainClientExec:256 - Executing request POST /session/1787d9bd2b91e315a1709361c055afb4/element HTTP/1.1
2019-04-01 14:04:24,813 DEBUG [Forwarding findElement on session 1787d9bd2b91e315a1709361c055afb4 to remote] MainClientExec:261 - Target auth state: UNCHALLENGED
2019-04-01 14:04:24,814 DEBUG [Forwarding findElement on session 1787d9bd2b91e315a1709361c055afb4 to remote] MainClientExec:267 - Proxy auth state: UNCHALLENGED
2019-04-01 14:04:24,816 DEBUG [Forwarding findElement on session 1787d9bd2b91e315a1709361c055afb4 to remote] headers:133 - http-outgoing-0 >> POST /session/1787d9bd2b91e315a1709361c055afb4/element HTTP/1.1
2019-04-01 14:04:24,817 DEBUG [Forwarding findElement on session 1787d9bd2b91e315a1709361c055afb4 to remote] headers:136 - http-outgoing-0 >> Content-Type: application/json; charset=utf-8
2019-04-01 14:04:24,819 DEBUG [Forwarding findElement on session 1787d9bd2b91e315a1709361c055afb4 to remote] headers:136 - http-outgoing-0 >> Content-Length: 53
2019-04-01 14:04:24,819 DEBUG [Forwarding findElement on session 1787d9bd2b91e315a1709361c055afb4 to remote] headers:136 - http-outgoing-0 >> Host: localhost:11613
2019-04-01 14:04:24,821 DEBUG [Forwarding findElement on session 1787d9bd2b91e315a1709361c055afb4 to remote] headers:136 - http-outgoing-0 >> Connection: Keep-Alive
2019-04-01 14:04:24,821 DEBUG [Forwarding findElement on session 1787d9bd2b91e315a1709361c055afb4 to remote] headers:136 - http-outgoing-0 >> User-Agent: Apache-HttpClient/4.5.3 (Java/10.0.2)
2019-04-01 14:04:24,822 DEBUG [Forwarding findElement on session 1787d9bd2b91e315a1709361c055afb4 to remote] headers:136 - http-outgoing-0 >> Accept-Encoding: gzip,deflate
2019-04-01 14:04:24,823 DEBUG [Forwarding findElement on session 1787d9bd2b91e315a1709361c055afb4 to remote] wire:73 - http-outgoing-0 >> "POST /session/1787d9bd2b91e315a1709361c055afb4/element HTTP/1.1[\r][\n]"
2019-04-01 14:04:24,824 DEBUG [Forwarding findElement on session 1787d9bd2b91e315a1709361c055afb4 to remote] wire:73 - http-outgoing-0 >> "Content-Type: application/json; charset=utf-8[\r][\n]"
2019-04-01 14:04:24,825 DEBUG [Forwarding findElement on session 1787d9bd2b91e315a1709361c055afb4 to remote] wire:73 - http-outgoing-0 >> "Content-Length: 53[\r][\n]"
2019-04-01 14:04:24,828 DEBUG [Forwarding findElement on session 1787d9bd2b91e315a1709361c055afb4 to remote] wire:73 - http-outgoing-0 >> "Host: localhost:11613[\r][\n]"
2019-04-01 14:04:24,829 DEBUG [Forwarding findElement on session 1787d9bd2b91e315a1709361c055afb4 to remote] wire:73 - http-outgoing-0 >> "Connection: Keep-Alive[\r][\n]"
2019-04-01 14:04:24,830 DEBUG [Forwarding findElement on session 1787d9bd2b91e315a1709361c055afb4 to remote] wire:73 - http-outgoing-0 >> "User-Agent: Apache-HttpClient/4.5.3 (Java/10.0.2)[\r][\n]"
2019-04-01 14:04:24,848 DEBUG [Forwarding findElement on session 1787d9bd2b91e315a1709361c055afb4 to remote] wire:73 - http-outgoing-0 >> "Accept-Encoding: gzip,deflate[\r][\n]"
2019-04-01 14:04:24,849 DEBUG [Forwarding findElement on session 1787d9bd2b91e315a1709361c055afb4 to remote] wire:73 - http-outgoing-0 >> "[\r][\n]"
2019-04-01 14:04:24,867 DEBUG [Forwarding findElement on session 1787d9bd2b91e315a1709361c055afb4 to remote] wire:87 - http-outgoing-0 >> "{"using":"xpath","value":"//input[@type='password']"}"
2019-04-01 14:04:24,887 DEBUG [Forwarding findElement on session 1787d9bd2b91e315a1709361c055afb4 to remote] wire:73 - http-outgoing-0 << "HTTP/1.1 200 OK[\r][\n]"
2019-04-01 14:04:24,888 DEBUG [Forwarding findElement on session 1787d9bd2b91e315a1709361c055afb4 to remote] wire:73 - http-outgoing-0 << "Content-Length:102[\r][\n]"
2019-04-01 14:04:24,889 DEBUG [Forwarding findElement on session 1787d9bd2b91e315a1709361c055afb4 to remote] wire:73 - http-outgoing-0 << "Content-Type:application/json; charset=utf-8[\r][\n]"
2019-04-01 14:04:24,890 DEBUG [Forwarding findElement on session 1787d9bd2b91e315a1709361c055afb4 to remote] wire:73 - http-outgoing-0 << "[\r][\n]"
2019-04-01 14:04:24,891 DEBUG [Forwarding findElement on session 1787d9bd2b91e315a1709361c055afb4 to remote] wire:87 - http-outgoing-0 << "{"sessionId":"1787d9bd2b91e315a1709361c055afb4","status":0,"value":{"ELEMENT":"0.5223454975143809-3"}}"
2019-04-01 14:04:24,892 DEBUG [Forwarding findElement on session 1787d9bd2b91e315a1709361c055afb4 to remote] headers:122 - http-outgoing-0 << HTTP/1.1 200 OK
2019-04-01 14:04:24,893 DEBUG [Forwarding findElement on session 1787d9bd2b91e315a1709361c055afb4 to remote] headers:125 - http-outgoing-0 << Content-Length:102
2019-04-01 14:04:24,894 DEBUG [Forwarding findElement on session 1787d9bd2b91e315a1709361c055afb4 to remote] headers:125 - http-outgoing-0 << Content-Type:application/json; charset=utf-8
2019-04-01 14:04:24,895 DEBUG [Forwarding findElement on session 1787d9bd2b91e315a1709361c055afb4 to remote] MainClientExec:285 - Connection can be kept alive indefinitely
2019-04-01 14:04:24,896 DEBUG [Forwarding findElement on session 1787d9bd2b91e315a1709361c055afb4 to remote] PoolingHttpClientConnectionManager:320 - Connection [id: 0][route: {}->http://localhost:11613] can be kept alive indefinitely
2019-04-01 14:04:24,898 DEBUG [Forwarding findElement on session 1787d9bd2b91e315a1709361c055afb4 to remote] PoolingHttpClientConnectionManager:326 - Connection released: [id: 0][route: {}->http://localhost:11613][total kept alive: 1; route allocated: 1 of 2000; total allocated: 1 of 2000]
2019-04-01 14:04:24,901 DEBUG [Forwarding sendKeysToElement on session 1787d9bd2b91e315a1709361c055afb4 to remote] RequestAddCookies:123 - CookieSpec selected: default
2019-04-01 14:04:24,902 DEBUG [Forwarding sendKeysToElement on session 1787d9bd2b91e315a1709361c055afb4 to remote] RequestAuthCache:77 - Auth cache not set in the context
2019-04-01 14:04:24,903 DEBUG [Forwarding sendKeysToElement on session 1787d9bd2b91e315a1709361c055afb4 to remote] PoolingHttpClientConnectionManager:255 - Connection request: [route: {}->http://localhost:11613][total kept alive: 1; route allocated: 1 of 2000; total allocated: 1 of 2000]
2019-04-01 14:04:24,904 DEBUG [Forwarding sendKeysToElement on session 1787d9bd2b91e315a1709361c055afb4 to remote] PoolingHttpClientConnectionManager:288 - Connection leased: [id: 0][route: {}->http://localhost:11613][total kept alive: 0; route allocated: 1 of 2000; total allocated: 1 of 2000]
2019-04-01 14:04:24,906 DEBUG [Forwarding sendKeysToElement on session 1787d9bd2b91e315a1709361c055afb4 to remote] MainClientExec:208 - Stale connection check
2019-04-01 14:04:24,908 DEBUG [Forwarding sendKeysToElement on session 1787d9bd2b91e315a1709361c055afb4 to remote] wire:87 - http-outgoing-0 << "[read] I/O error: Read timed out"
2019-04-01 14:04:24,909 DEBUG [Forwarding sendKeysToElement on session 1787d9bd2b91e315a1709361c055afb4 to remote] DefaultManagedHttpClientConnection:88 - http-outgoing-0: set socket timeout to 10800000
2019-04-01 14:04:24,910 DEBUG [Forwarding sendKeysToElement on session 1787d9bd2b91e315a1709361c055afb4 to remote] MainClientExec:256 - Executing request POST /session/1787d9bd2b91e315a1709361c055afb4/element/0.5223454975143809-3/value HTTP/1.1
2019-04-01 14:04:24,911 DEBUG [Forwarding sendKeysToElement on session 1787d9bd2b91e315a1709361c055afb4 to remote] MainClientExec:261 - Target auth state: UNCHALLENGED
2019-04-01 14:04:24,912 DEBUG [Forwarding sendKeysToElement on session 1787d9bd2b91e315a1709361c055afb4 to remote] MainClientExec:267 - Proxy auth state: UNCHALLENGED
2019-04-01 14:04:24,913 DEBUG [Forwarding sendKeysToElement on session 1787d9bd2b91e315a1709361c055afb4 to remote] headers:133 - http-outgoing-0 >> POST /session/1787d9bd2b91e315a1709361c055afb4/element/0.5223454975143809-3/value HTTP/1.1
2019-04-01 14:04:24,914 DEBUG [Forwarding sendKeysToElement on session 1787d9bd2b91e315a1709361c055afb4 to remote] headers:136 - http-outgoing-0 >> Content-Type: application/json; charset=utf-8
2019-04-01 14:04:24,915 DEBUG [Forwarding sendKeysToElement on session 1787d9bd2b91e315a1709361c055afb4 to remote] headers:136 - http-outgoing-0 >> Content-Length: 54
2019-04-01 14:04:24,916 DEBUG [Forwarding sendKeysToElement on session 1787d9bd2b91e315a1709361c055afb4 to remote] headers:136 - http-outgoing-0 >> Host: localhost:11613
2019-04-01 14:04:24,916 DEBUG [Forwarding sendKeysToElement on session 1787d9bd2b91e315a1709361c055afb4 to remote] headers:136 - http-outgoing-0 >> Connection: Keep-Alive
2019-04-01 14:04:24,917 DEBUG [Forwarding sendKeysToElement on session 1787d9bd2b91e315a1709361c055afb4 to remote] headers:136 - http-outgoing-0 >> User-Agent: Apache-HttpClient/4.5.3 (Java/10.0.2)
2019-04-01 14:04:24,918 DEBUG [Forwarding sendKeysToElement on session 1787d9bd2b91e315a1709361c055afb4 to remote] headers:136 - http-outgoing-0 >> Accept-Encoding: gzip,deflate
2019-04-01 14:04:24,919 DEBUG [Forwarding sendKeysToElement on session 1787d9bd2b91e315a1709361c055afb4 to remote] wire:73 - http-outgoing-0 >> "POST /session/1787d9bd2b91e315a1709361c055afb4/element/0.5223454975143809-3/value HTTP/1.1[\r][\n]"
2019-04-01 14:04:24,920 DEBUG [Forwarding sendKeysToElement on session 1787d9bd2b91e315a1709361c055afb4 to remote] wire:73 - http-outgoing-0 >> "Content-Type: application/json; charset=utf-8[\r][\n]"
2019-04-01 14:04:24,921 DEBUG [Forwarding sendKeysToElement on session 1787d9bd2b91e315a1709361c055afb4 to remote] wire:73 - http-outgoing-0 >> "Content-Length: 54[\r][\n]"
2019-04-01 14:04:24,922 DEBUG [Forwarding sendKeysToElement on session 1787d9bd2b91e315a1709361c055afb4 to remote] wire:73 - http-outgoing-0 >> "Host: localhost:11613[\r][\n]"
2019-04-01 14:04:24,923 DEBUG [Forwarding sendKeysToElement on session 1787d9bd2b91e315a1709361c055afb4 to remote] wire:73 - http-outgoing-0 >> "Connection: Keep-Alive[\r][\n]"
2019-04-01 14:04:24,924 DEBUG [Forwarding sendKeysToElement on session 1787d9bd2b91e315a1709361c055afb4 to remote] wire:73 - http-outgoing-0 >> "User-Agent: Apache-HttpClient/4.5.3 (Java/10.0.2)[\r][\n]"
2019-04-01 14:04:24,925 DEBUG [Forwarding sendKeysToElement on session 1787d9bd2b91e315a1709361c055afb4 to remote] wire:73 - http-outgoing-0 >> "Accept-Encoding: gzip,deflate[\r][\n]"
2019-04-01 14:04:24,926 DEBUG [Forwarding sendKeysToElement on session 1787d9bd2b91e315a1709361c055afb4 to remote] wire:73 - http-outgoing-0 >> "[\r][\n]"
2019-04-01 14:04:24,927 DEBUG [Forwarding sendKeysToElement on session 1787d9bd2b91e315a1709361c055afb4 to remote] wire:87 - http-outgoing-0 >> "{"id":"0.5223454975143809-3","value":["ZipgoMay@123"]}"
2019-04-01 14:04:26,373 DEBUG [Forwarding sendKeysToElement on session 1787d9bd2b91e315a1709361c055afb4 to remote] wire:73 - http-outgoing-0 << "HTTP/1.1 200 OK[\r][\n]"
2019-04-01 14:04:26,400 DEBUG [Forwarding sendKeysToElement on session 1787d9bd2b91e315a1709361c055afb4 to remote] wire:73 - http-outgoing-0 << "Content-Length:72[\r][\n]"
2019-04-01 14:04:26,402 DEBUG [Forwarding sendKeysToElement on session 1787d9bd2b91e315a1709361c055afb4 to remote] wire:73 - http-outgoing-0 << "Content-Type:application/json; charset=utf-8[\r][\n]"
2019-04-01 14:04:26,458 DEBUG [Forwarding sendKeysToElement on session 1787d9bd2b91e315a1709361c055afb4 to remote] wire:73 - http-outgoing-0 << "[\r][\n]"
2019-04-01 14:04:26,460 DEBUG [Forwarding sendKeysToElement on session 1787d9bd2b91e315a1709361c055afb4 to remote] wire:87 - http-outgoing-0 << "{"sessionId":"1787d9bd2b91e315a1709361c055afb4","status":0,"value":null}"
2019-04-01 14:04:26,465 DEBUG [Forwarding sendKeysToElement on session 1787d9bd2b91e315a1709361c055afb4 to remote] headers:122 - http-outgoing-0 << HTTP/1.1 200 OK
2019-04-01 14:04:26,487 DEBUG [Forwarding sendKeysToElement on session 1787d9bd2b91e315a1709361c055afb4 to remote] headers:125 - http-outgoing-0 << Content-Length:72
2019-04-01 14:04:26,490 DEBUG [Forwarding sendKeysToElement on session 1787d9bd2b91e315a1709361c055afb4 to remote] headers:125 - http-outgoing-0 << Content-Type:application/json; charset=utf-8
2019-04-01 14:04:26,493 DEBUG [Forwarding sendKeysToElement on session 1787d9bd2b91e315a1709361c055afb4 to remote] MainClientExec:285 - Connection can be kept alive indefinitely
2019-04-01 14:04:26,495 DEBUG [Forwarding sendKeysToElement on session 1787d9bd2b91e315a1709361c055afb4 to remote] PoolingHttpClientConnectionManager:320 - Connection [id: 0][route: {}->http://localhost:11613] can be kept alive indefinitely
2019-04-01 14:04:26,496 DEBUG [Forwarding sendKeysToElement on session 1787d9bd2b91e315a1709361c055afb4 to remote] PoolingHttpClientConnectionManager:326 - Connection released: [id: 0][route: {}->http://localhost:11613][total kept alive: 1; route allocated: 1 of 2000; total allocated: 1 of 2000]
2019-04-01 14:04:26,499 DEBUG [Forwarding findElement on session 1787d9bd2b91e315a1709361c055afb4 to remote] RequestAddCookies:123 - CookieSpec selected: default
2019-04-01 14:04:26,500 DEBUG [Forwarding findElement on session 1787d9bd2b91e315a1709361c055afb4 to remote] RequestAuthCache:77 - Auth cache not set in the context
2019-04-01 14:04:26,502 DEBUG [Forwarding findElement on session 1787d9bd2b91e315a1709361c055afb4 to remote] PoolingHttpClientConnectionManager:255 - Connection request: [route: {}->http://localhost:11613][total kept alive: 1; route allocated: 1 of 2000; total allocated: 1 of 2000]
2019-04-01 14:04:26,503 DEBUG [Forwarding findElement on session 1787d9bd2b91e315a1709361c055afb4 to remote] PoolingHttpClientConnectionManager:288 - Connection leased: [id: 0][route: {}->http://localhost:11613][total kept alive: 0; route allocated: 1 of 2000; total allocated: 1 of 2000]
2019-04-01 14:04:26,504 DEBUG [Forwarding findElement on session 1787d9bd2b91e315a1709361c055afb4 to remote] MainClientExec:208 - Stale connection check
2019-04-01 14:04:26,506 DEBUG [Forwarding findElement on session 1787d9bd2b91e315a1709361c055afb4 to remote] wire:87 - http-outgoing-0 << "[read] I/O error: Read timed out"
2019-04-01 14:04:26,507 DEBUG [Forwarding findElement on session 1787d9bd2b91e315a1709361c055afb4 to remote] DefaultManagedHttpClientConnection:88 - http-outgoing-0: set socket timeout to 10800000
2019-04-01 14:04:26,508 DEBUG [Forwarding findElement on session 1787d9bd2b91e315a1709361c055afb4 to remote] MainClientExec:256 - Executing request POST /session/1787d9bd2b91e315a1709361c055afb4/element HTTP/1.1
2019-04-01 14:04:26,509 DEBUG [Forwarding findElement on session 1787d9bd2b91e315a1709361c055afb4 to remote] MainClientExec:261 - Target auth state: UNCHALLENGED
2019-04-01 14:04:26,510 DEBUG [Forwarding findElement on session 1787d9bd2b91e315a1709361c055afb4 to remote] MainClientExec:267 - Proxy auth state: UNCHALLENGED
2019-04-01 14:04:26,511 DEBUG [Forwarding findElement on session 1787d9bd2b91e315a1709361c055afb4 to remote] headers:133 - http-outgoing-0 >> POST /session/1787d9bd2b91e315a1709361c055afb4/element HTTP/1.1
2019-04-01 14:04:26,512 DEBUG [Forwarding findElement on session 1787d9bd2b91e315a1709361c055afb4 to remote] headers:136 - http-outgoing-0 >> Content-Type: application/json; charset=utf-8
2019-04-01 14:04:26,512 DEBUG [Forwarding findElement on session 1787d9bd2b91e315a1709361c055afb4 to remote] headers:136 - http-outgoing-0 >> Content-Length: 60
2019-04-01 14:04:26,515 DEBUG [Forwarding findElement on session 1787d9bd2b91e315a1709361c055afb4 to remote] headers:136 - http-outgoing-0 >> Host: localhost:11613
2019-04-01 14:04:26,517 DEBUG [Forwarding findElement on session 1787d9bd2b91e315a1709361c055afb4 to remote] headers:136 - http-outgoing-0 >> Connection: Keep-Alive
2019-04-01 14:04:26,519 DEBUG [Forwarding findElement on session 1787d9bd2b91e315a1709361c055afb4 to remote] headers:136 - http-outgoing-0 >> User-Agent: Apache-HttpClient/4.5.3 (Java/10.0.2)
2019-04-01 14:04:26,520 DEBUG [Forwarding findElement on session 1787d9bd2b91e315a1709361c055afb4 to remote] headers:136 - http-outgoing-0 >> Accept-Encoding: gzip,deflate
2019-04-01 14:04:26,521 DEBUG [Forwarding findElement on session 1787d9bd2b91e315a1709361c055afb4 to remote] wire:73 - http-outgoing-0 >> "POST /session/1787d9bd2b91e315a1709361c055afb4/element HTTP/1.1[\r][\n]"
2019-04-01 14:04:26,523 DEBUG [Forwarding findElement on session 1787d9bd2b91e315a1709361c055afb4 to remote] wire:73 - http-outgoing-0 >> "Content-Type: application/json; charset=utf-8[\r][\n]"
2019-04-01 14:04:26,524 DEBUG [Forwarding findElement on session 1787d9bd2b91e315a1709361c055afb4 to remote] wire:73 - http-outgoing-0 >> "Content-Length: 60[\r][\n]"
2019-04-01 14:04:26,526 DEBUG [Forwarding findElement on session 1787d9bd2b91e315a1709361c055afb4 to remote] wire:73 - http-outgoing-0 >> "Host: localhost:11613[\r][\n]"
2019-04-01 14:04:26,527 DEBUG [Forwarding findElement on session 1787d9bd2b91e315a1709361c055afb4 to remote] wire:73 - http-outgoing-0 >> "Connection: Keep-Alive[\r][\n]"
2019-04-01 14:04:26,528 DEBUG [Forwarding findElement on session 1787d9bd2b91e315a1709361c055afb4 to remote] wire:73 - http-outgoing-0 >> "User-Agent: Apache-HttpClient/4.5.3 (Java/10.0.2)[\r][\n]"
2019-04-01 14:04:26,530 DEBUG [Forwarding findElement on session 1787d9bd2b91e315a1709361c055afb4 to remote] wire:73 - http-outgoing-0 >> "Accept-Encoding: gzip,deflate[\r][\n]"
2019-04-01 14:04:26,531 DEBUG [Forwarding findElement on session 1787d9bd2b91e315a1709361c055afb4 to remote] wire:73 - http-outgoing-0 >> "[\r][\n]"
2019-04-01 14:04:26,532 DEBUG [Forwarding findElement on session 1787d9bd2b91e315a1709361c055afb4 to remote] wire:87 - http-outgoing-0 >> "{"using":"xpath","value":"(//*[@class='RveJvd snByac'])[1]"}"
2019-04-01 14:04:26,533 DEBUG [Forwarding findElement on session 1787d9bd2b91e315a1709361c055afb4 to remote] wire:73 - http-outgoing-0 << "HTTP/1.1 200 OK[\r][\n]"
2019-04-01 14:04:26,534 DEBUG [Forwarding findElement on session 1787d9bd2b91e315a1709361c055afb4 to remote] wire:73 - http-outgoing-0 << "Content-Length:325[\r][\n]"
2019-04-01 14:04:26,534 DEBUG [Forwarding findElement on session 1787d9bd2b91e315a1709361c055afb4 to remote] wire:73 - http-outgoing-0 << "Content-Type:application/json; charset=utf-8[\r][\n]"
2019-04-01 14:04:26,535 DEBUG [Forwarding findElement on session 1787d9bd2b91e315a1709361c055afb4 to remote] wire:73 - http-outgoing-0 << "[\r][\n]"
2019-04-01 14:04:26,536 DEBUG [Forwarding findElement on session 1787d9bd2b91e315a1709361c055afb4 to remote] wire:87 - http-outgoing-0 << "{"sessionId":"1787d9bd2b91e315a1709361c055afb4","status":23,"value":{"message":"no such window: target window already closed\nfrom unknown error: web view not found\n  (Session info: chrome=73.0.3683.86)\n  (Driver info: chromedriver=2.42.591059 (a3d9684d10d61aa0c45f6723b327283be1ebaad8),platform=Mac OS X 10.13.6 x86_64)"}}"
2019-04-01 14:04:26,538 DEBUG [Forwarding findElement on session 1787d9bd2b91e315a1709361c055afb4 to remote] headers:122 - http-outgoing-0 << HTTP/1.1 200 OK
2019-04-01 14:04:26,539 DEBUG [Forwarding findElement on session 1787d9bd2b91e315a1709361c055afb4 to remote] headers:125 - http-outgoing-0 << Content-Length:325
2019-04-01 14:04:26,540 DEBUG [Forwarding findElement on session 1787d9bd2b91e315a1709361c055afb4 to remote] headers:125 - http-outgoing-0 << Content-Type:application/json; charset=utf-8
2019-04-01 14:04:26,540 DEBUG [Forwarding findElement on session 1787d9bd2b91e315a1709361c055afb4 to remote] MainClientExec:285 - Connection can be kept alive indefinitely
2019-04-01 14:04:26,541 DEBUG [Forwarding findElement on session 1787d9bd2b91e315a1709361c055afb4 to remote] PoolingHttpClientConnectionManager:320 - Connection [id: 0][route: {}->http://localhost:11613] can be kept alive indefinitely
2019-04-01 14:04:26,542 DEBUG [Forwarding findElement on session 1787d9bd2b91e315a1709361c055afb4 to remote] PoolingHttpClientConnectionManager:326 - Connection released: [id: 0][route: {}->http://localhost:11613][total kept alive: 1; route allocated: 1 of 2000; total allocated: 1 of 2000]
